[23-Nov-2025 06:49:07 UTC] PHP Fatal error:  Constant expression contains invalid operations in /Applications/MAMP/htdocs/rista_ci4/app/Config/App.php on line 19
[23-Nov-2025 06:49:07 UTC] PHP Fatal error:  Constant expression contains invalid operations in /Applications/MAMP/htdocs/rista_ci4/app/Config/App.php on line 19
[23-Nov-2025 06:49:07 UTC] PHP Fatal error:  Constant expression contains invalid operations in /Applications/MAMP/htdocs/rista_ci4/app/Config/App.php on line 19
[23-Nov-2025 06:49:07 UTC] PHP Fatal error:  Constant expression contains invalid operations in /Applications/MAMP/htdocs/rista_ci4/app/Config/App.php on line 19
[23-Nov-2025 06:49:07 UTC] PHP Fatal error:  Constant expression contains invalid operations in /Applications/MAMP/htdocs/rista_ci4/app/Config/App.php on line 19
[23-Nov-2025 06:49:07 UTC] PHP Fatal error:  Constant expression contains invalid operations in /Applications/MAMP/htdocs/rista_ci4/app/Config/App.php on line 19
[23-Nov-2025 06:49:12 UTC] PHP Fatal error:  Constant expression contains invalid operations in /Applications/MAMP/htdocs/rista_ci4/app/Config/App.php on line 19
[23-Nov-2025 06:49:12 UTC] PHP Fatal error:  Constant expression contains invalid operations in /Applications/MAMP/htdocs/rista_ci4/app/Config/App.php on line 19
[23-Nov-2025 06:49:12 UTC] PHP Fatal error:  Constant expression contains invalid operations in /Applications/MAMP/htdocs/rista_ci4/app/Config/App.php on line 19
[23-Nov-2025 06:49:12 UTC] PHP Fatal error:  Constant expression contains invalid operations in /Applications/MAMP/htdocs/rista_ci4/app/Config/App.php on line 19
[23-Nov-2025 06:49:12 UTC] PHP Fatal error:  Constant expression contains invalid operations in /Applications/MAMP/htdocs/rista_ci4/app/Config/App.php on line 19
[23-Nov-2025 06:49:12 UTC] PHP Fatal error:  Constant expression contains invalid operations in /Applications/MAMP/htdocs/rista_ci4/app/Config/App.php on line 19
[23-Nov-2025 06:49:17 UTC] PHP Fatal error:  Constant expression contains invalid operations in /Applications/MAMP/htdocs/rista_ci4/app/Config/App.php on line 19
[23-Nov-2025 06:49:17 UTC] PHP Fatal error:  Constant expression contains invalid operations in /Applications/MAMP/htdocs/rista_ci4/app/Config/App.php on line 19
[23-Nov-2025 14:57:20 UTC] PHP Fatal error:  Constant expression contains invalid operations in /Applications/MAMP/htdocs/rista_ci4/app/Config/App.php on line 212
[23-Nov-2025 14:57:20 UTC] PHP Fatal error:  Constant expression contains invalid operations in /Applications/MAMP/htdocs/rista_ci4/app/Config/App.php on line 212
[23-Nov-2025 14:57:20 UTC] PHP Fatal error:  Constant expression contains invalid operations in /Applications/MAMP/htdocs/rista_ci4/app/Config/App.php on line 212
[23-Nov-2025 14:57:20 UTC] PHP Fatal error:  Constant expression contains invalid operations in /Applications/MAMP/htdocs/rista_ci4/app/Config/App.php on line 212
[23-Nov-2025 14:57:20 UTC] PHP Fatal error:  Constant expression contains invalid operations in /Applications/MAMP/htdocs/rista_ci4/app/Config/App.php on line 212
[23-Nov-2025 14:57:20 UTC] PHP Fatal error:  Constant expression contains invalid operations in /Applications/MAMP/htdocs/rista_ci4/app/Config/App.php on line 212
[23-Nov-2025 14:57:22 UTC] PHP Fatal error:  Constant expression contains invalid operations in /Applications/MAMP/htdocs/rista_ci4/app/Config/App.php on line 212
[23-Nov-2025 14:57:22 UTC] PHP Fatal error:  Constant expression contains invalid operations in /Applications/MAMP/htdocs/rista_ci4/app/Config/App.php on line 212
[24-Nov-2025 13:14:42 UTC] PHP Fatal error:  Declaration of App\Controllers\Batch::edit(): CodeIgniter\HTTP\ResponseInterface must be compatible with CodeIgniter\RESTful\ResourceController::edit($id = null) in /Applications/MAMP/htdocs/rista_ci4/app/Controllers/Batch.php on line 261
[24-Nov-2025 13:14:49 UTC] PHP Fatal error:  Declaration of App\Controllers\Batch::edit(): CodeIgniter\HTTP\ResponseInterface must be compatible with CodeIgniter\RESTful\ResourceController::edit($id = null) in /Applications/MAMP/htdocs/rista_ci4/app/Controllers/Batch.php on line 261
[24-Nov-2025 13:14:54 UTC] PHP Fatal error:  Declaration of App\Controllers\Batch::edit(): CodeIgniter\HTTP\ResponseInterface must be compatible with CodeIgniter\RESTful\ResourceController::edit($id = null) in /Applications/MAMP/htdocs/rista_ci4/app/Controllers/Batch.php on line 261
[24-Nov-2025 13:15:02 UTC] PHP Fatal error:  Declaration of App\Controllers\Batch::edit(): CodeIgniter\HTTP\ResponseInterface must be compatible with CodeIgniter\RESTful\ResourceController::edit($id = null) in /Applications/MAMP/htdocs/rista_ci4/app/Controllers/Batch.php on line 261
[24-Nov-2025 13:15:06 UTC] PHP Fatal error:  Declaration of App\Controllers\Batch::edit(): CodeIgniter\HTTP\ResponseInterface must be compatible with CodeIgniter\RESTful\ResourceController::edit($id = null) in /Applications/MAMP/htdocs/rista_ci4/app/Controllers/Batch.php on line 261
[24-Nov-2025 13:15:22 UTC] PHP Fatal error:  Declaration of App\Controllers\Batch::edit(): CodeIgniter\HTTP\ResponseInterface must be compatible with CodeIgniter\RESTful\ResourceController::edit($id = null) in /Applications/MAMP/htdocs/rista_ci4/app/Controllers/Batch.php on line 261
[24-Nov-2025 13:15:25 UTC] PHP Fatal error:  Declaration of App\Controllers\Batch::edit(): CodeIgniter\HTTP\ResponseInterface must be compatible with CodeIgniter\RESTful\ResourceController::edit($id = null) in /Applications/MAMP/htdocs/rista_ci4/app/Controllers/Batch.php on line 261
[24-Nov-2025 13:15:28 UTC] PHP Fatal error:  Declaration of App\Controllers\Batch::edit(): CodeIgniter\HTTP\ResponseInterface must be compatible with CodeIgniter\RESTful\ResourceController::edit($id = null) in /Applications/MAMP/htdocs/rista_ci4/app/Controllers/Batch.php on line 261
[24-Nov-2025 13:15:39 UTC] PHP Fatal error:  Declaration of App\Controllers\Batch::edit(): CodeIgniter\HTTP\ResponseInterface must be compatible with CodeIgniter\RESTful\ResourceController::edit($id = null) in /Applications/MAMP/htdocs/rista_ci4/app/Controllers/Batch.php on line 261
[24-Nov-2025 13:15:42 UTC] PHP Fatal error:  Declaration of App\Controllers\Batch::edit(): CodeIgniter\HTTP\ResponseInterface must be compatible with CodeIgniter\RESTful\ResourceController::edit($id = null) in /Applications/MAMP/htdocs/rista_ci4/app/Controllers/Batch.php on line 261
[24-Nov-2025 13:16:12 UTC] PHP Fatal error:  Declaration of App\Controllers\Batch::edit(): CodeIgniter\HTTP\ResponseInterface must be compatible with CodeIgniter\RESTful\ResourceController::edit($id = null) in /Applications/MAMP/htdocs/rista_ci4/app/Controllers/Batch.php on line 261
[24-Nov-2025 13:16:12 UTC] PHP Fatal error:  Declaration of App\Controllers\Batch::edit(): CodeIgniter\HTTP\ResponseInterface must be compatible with CodeIgniter\RESTful\ResourceController::edit($id = null) in /Applications/MAMP/htdocs/rista_ci4/app/Controllers/Batch.php on line 261
[24-Nov-2025 13:16:17 UTC] PHP Fatal error:  Declaration of App\Controllers\Batch::edit(): CodeIgniter\HTTP\ResponseInterface must be compatible with CodeIgniter\RESTful\ResourceController::edit($id = null) in /Applications/MAMP/htdocs/rista_ci4/app/Controllers/Batch.php on line 261
[24-Nov-2025 13:17:19 UTC] PHP Fatal error:  Declaration of App\Controllers\Batch::edit(): CodeIgniter\HTTP\ResponseInterface must be compatible with CodeIgniter\RESTful\ResourceController::edit($id = null) in /Applications/MAMP/htdocs/rista_ci4/app/Controllers/Batch.php on line 261
[25-Nov-2025 20:23:25 UTC] PHP Fatal error:  Declaration of App\Controllers\MailboxCI4::update(): CodeIgniter\HTTP\ResponseInterface must be compatible with CodeIgniter\RESTful\ResourceController::update($id = null) in /Applications/MAMP/htdocs/rista_ci4/app/Controllers/MailboxCI4.php on line 146
[25-Nov-2025 20:24:19 UTC] PHP Fatal error:  Declaration of App\Controllers\MailboxCI4::update(): CodeIgniter\HTTP\ResponseInterface must be compatible with CodeIgniter\RESTful\ResourceController::update($id = null) in /Applications/MAMP/htdocs/rista_ci4/app/Controllers/MailboxCI4.php on line 146
[25-Nov-2025 20:24:23 UTC] PHP Fatal error:  Declaration of App\Controllers\MailboxCI4::update(): CodeIgniter\HTTP\ResponseInterface must be compatible with CodeIgniter\RESTful\ResourceController::update($id = null) in /Applications/MAMP/htdocs/rista_ci4/app/Controllers/MailboxCI4.php on line 146
[25-Nov-2025 20:24:45 UTC] PHP Fatal error:  Declaration of App\Controllers\MailboxCI4::update(): CodeIgniter\HTTP\ResponseInterface must be compatible with CodeIgniter\RESTful\ResourceController::update($id = null) in /Applications/MAMP/htdocs/rista_ci4/app/Controllers/MailboxCI4.php on line 146
[25-Nov-2025 20:24:49 UTC] PHP Fatal error:  Declaration of App\Controllers\MailboxCI4::update(): CodeIgniter\HTTP\ResponseInterface must be compatible with CodeIgniter\RESTful\ResourceController::update($id = null) in /Applications/MAMP/htdocs/rista_ci4/app/Controllers/MailboxCI4.php on line 146
[25-Nov-2025 20:32:55 UTC] PHP Fatal error:  Declaration of App\Controllers\MailboxCI4::update(): CodeIgniter\HTTP\ResponseInterface must be compatible with CodeIgniter\RESTful\ResourceController::update($id = null) in /Applications/MAMP/htdocs/rista_ci4/app/Controllers/MailboxCI4.php on line 146
[25-Nov-2025 20:33:54 UTC] PHP Fatal error:  Declaration of App\Controllers\MailboxCI4::update(): CodeIgniter\HTTP\ResponseInterface must be compatible with CodeIgniter\RESTful\ResourceController::update($id = null) in /Applications/MAMP/htdocs/rista_ci4/app/Controllers/MailboxCI4.php on line 146
[25-Nov-2025 20:33:59 UTC] PHP Fatal error:  Declaration of App\Controllers\MailboxCI4::update(): CodeIgniter\HTTP\ResponseInterface must be compatible with CodeIgniter\RESTful\ResourceController::update($id = null) in /Applications/MAMP/htdocs/rista_ci4/app/Controllers/MailboxCI4.php on line 146
[25-Nov-2025 20:35:30 UTC] 🚀 MailboxCI4::getMessageCount() called at 2025-11-25 20:35:30
[25-Nov-2025 20:35:30 UTC] 📦 Params received: {"platform":"web","user_id":"2488","role_id":"5","class_id":["1374"]}
[25-Nov-2025 20:35:30 UTC] ✅ All validations passed
[25-Nov-2025 20:35:30 UTC] 📊 SQL Query: SELECT m.class_id, COUNT(*) as message_count 
                      FROM mailbox m
                      LEFT JOIN mailbox_details md ON m.message_id = md.message_id
                      WHERE m.class_id IN (1374) 
                        AND md.user_id = 2488 
                        AND md.is_read = 0
                      GROUP BY m.class_id
[25-Nov-2025 20:35:30 UTC] 📦 Query returned 0 rows: []
[25-Nov-2025 20:35:30 UTC] ✅ Prepared response with 1 items: [{"class_id":"1374","newMessage":0}]
[25-Nov-2025 20:35:30 UTC] ✅ SSE response sent successfully
[25-Nov-2025 20:35:47 UTC] 🚀 MailboxCI4::getMessageCount() called at 2025-11-25 20:35:47
[25-Nov-2025 20:35:47 UTC] 📦 Params received: {"platform":"web","user_id":"2488","role_id":"5","class_id":["1374"]}
[25-Nov-2025 20:35:47 UTC] ✅ All validations passed
[25-Nov-2025 20:35:47 UTC] 📊 SQL Query: SELECT m.class_id, COUNT(*) as message_count 
                      FROM mailbox m
                      LEFT JOIN mailbox_details md ON m.message_id = md.message_id
                      WHERE m.class_id IN (1374) 
                        AND md.user_id = 2488 
                        AND md.is_read = 0
                      GROUP BY m.class_id
[25-Nov-2025 20:35:47 UTC] 📦 Query returned 0 rows: []
[25-Nov-2025 20:35:47 UTC] ✅ Prepared response with 1 items: [{"class_id":"1374","newMessage":0}]
[25-Nov-2025 20:35:47 UTC] ✅ SSE response sent successfully
[25-Nov-2025 20:35:54 UTC] 🚀 MailboxCI4::getMessageCount() called at 2025-11-25 20:35:54
[25-Nov-2025 20:35:54 UTC] 📦 Params received: {"platform":"web","user_id":"2488","role_id":"5","class_id":["1374"]}
[25-Nov-2025 20:35:54 UTC] ✅ All validations passed
[25-Nov-2025 20:35:54 UTC] 📊 SQL Query: SELECT m.class_id, COUNT(*) as message_count 
                      FROM mailbox m
                      LEFT JOIN mailbox_details md ON m.message_id = md.message_id
                      WHERE m.class_id IN (1374) 
                        AND md.user_id = 2488 
                        AND md.is_read = 0
                      GROUP BY m.class_id
[25-Nov-2025 20:35:54 UTC] 📦 Query returned 0 rows: []
[25-Nov-2025 20:35:54 UTC] ✅ Prepared response with 1 items: [{"class_id":"1374","newMessage":0}]
[25-Nov-2025 20:35:54 UTC] ✅ SSE response sent successfully
[25-Nov-2025 20:36:09 UTC] 🚀 MailboxCI4::getMessageCount() called at 2025-11-25 20:36:09
[25-Nov-2025 20:36:09 UTC] 📦 Params received: {"platform":"web","user_id":"2488","role_id":"5","class_id":["1374"]}
[25-Nov-2025 20:36:09 UTC] ✅ All validations passed
[25-Nov-2025 20:36:09 UTC] 📊 SQL Query: SELECT m.class_id, COUNT(*) as message_count 
                      FROM mailbox m
                      LEFT JOIN mailbox_details md ON m.message_id = md.message_id
                      WHERE m.class_id IN (1374) 
                        AND md.user_id = 2488 
                        AND md.is_read = 0
                      GROUP BY m.class_id
[25-Nov-2025 20:36:09 UTC] 📦 Query returned 0 rows: []
[25-Nov-2025 20:36:09 UTC] ✅ Prepared response with 1 items: [{"class_id":"1374","newMessage":0}]
[25-Nov-2025 20:36:09 UTC] ✅ SSE response sent successfully
[25-Nov-2025 20:42:40 UTC] 🚀 MailboxCI4::getMessageCount() called at 2025-11-25 20:42:40
[25-Nov-2025 20:42:40 UTC] 📦 Params received: {"platform":"web","user_id":"2488","role_id":"5","class_id":["1374"]}
[25-Nov-2025 20:42:40 UTC] ✅ All validations passed
[25-Nov-2025 20:42:40 UTC] 📊 SQL Query: SELECT m.class_id, COUNT(*) as message_count 
                      FROM mailbox m
                      LEFT JOIN mailbox_details md ON m.message_id = md.message_id
                      WHERE m.class_id IN (1374) 
                        AND md.user_id = 2488 
                        AND md.is_read = 0
                      GROUP BY m.class_id
[25-Nov-2025 20:42:40 UTC] 📦 Query returned 0 rows: []
[25-Nov-2025 20:42:40 UTC] ✅ Prepared response with 1 items: [{"class_id":"1374","newMessage":0}]
[25-Nov-2025 20:42:40 UTC] ✅ SSE response sent successfully
[25-Nov-2025 20:42:48 UTC] 🚀 MailboxCI4::getMessageCount() called at 2025-11-25 20:42:48
[25-Nov-2025 20:42:48 UTC] 📦 Params received: {"platform":"web","user_id":"2488","role_id":"5","class_id":["1374"]}
[25-Nov-2025 20:42:48 UTC] ✅ All validations passed
[25-Nov-2025 20:42:48 UTC] 📊 SQL Query: SELECT m.class_id, COUNT(*) as message_count 
                      FROM mailbox m
                      LEFT JOIN mailbox_details md ON m.message_id = md.message_id
                      WHERE m.class_id IN (1374) 
                        AND md.user_id = 2488 
                        AND md.is_read = 0
                      GROUP BY m.class_id
[25-Nov-2025 20:42:48 UTC] 📦 Query returned 0 rows: []
[25-Nov-2025 20:42:48 UTC] ✅ Prepared response with 1 items: [{"class_id":"1374","newMessage":0}]
[25-Nov-2025 20:42:48 UTC] ✅ SSE response sent successfully
[25-Nov-2025 20:43:27 UTC] 🚀 MailboxCI4::getMessageCount() called at 2025-11-25 20:43:27
[25-Nov-2025 20:43:27 UTC] 📦 Params received: {"platform":"web","user_id":"2488","role_id":"5","class_id":["1374"]}
[25-Nov-2025 20:43:27 UTC] ✅ All validations passed
[25-Nov-2025 20:43:27 UTC] 📊 SQL Query: SELECT m.class_id, COUNT(*) as message_count 
                      FROM mailbox m
                      LEFT JOIN mailbox_details md ON m.message_id = md.message_id
                      WHERE m.class_id IN (1374) 
                        AND md.user_id = 2488 
                        AND md.is_read = 0
                      GROUP BY m.class_id
[25-Nov-2025 20:43:27 UTC] 📦 Query returned 0 rows: []
[25-Nov-2025 20:43:27 UTC] ✅ Prepared response with 1 items: [{"class_id":"1374","newMessage":0}]
[25-Nov-2025 20:43:27 UTC] ✅ SSE response sent successfully
[25-Nov-2025 20:43:38 UTC] 🚀 MailboxCI4::getMessageCount() called at 2025-11-25 20:43:38
[25-Nov-2025 20:43:38 UTC] 📦 Params received: {"platform":"web","user_id":"2488","role_id":"5","class_id":["1374"]}
[25-Nov-2025 20:43:38 UTC] ✅ All validations passed
[25-Nov-2025 20:43:38 UTC] 📊 SQL Query: SELECT m.class_id, COUNT(*) as message_count 
                      FROM mailbox m
                      LEFT JOIN mailbox_details md ON m.message_id = md.message_id
                      WHERE m.class_id IN (1374) 
                        AND md.user_id = 2488 
                        AND md.is_read = 0
                      GROUP BY m.class_id
[25-Nov-2025 20:43:38 UTC] 📦 Query returned 0 rows: []
[25-Nov-2025 20:43:38 UTC] ✅ Prepared response with 1 items: [{"class_id":"1374","newMessage":0}]
[25-Nov-2025 20:43:38 UTC] ✅ SSE response sent successfully
[25-Nov-2025 22:08:20 UTC] PHP Fatal error:  Access level to Mailbox::printjson() must be protected (as in class REST_Controller) or weaker in /Applications/MAMP/htdocs/rista_ci4/app/Controllers/Mailbox.php on line 621
[25-Nov-2025 22:14:36 UTC] PHP Fatal error:  Access level to App\Controllers\Mailbox::setCorsHeaders() must be protected (as in class App\Controllers\BaseController) or weaker in /Applications/MAMP/htdocs/rista_ci4/app/Controllers/Mailbox.php on line 287
[25-Nov-2025 22:33:30 UTC] 🚀 MailboxCI4::getMessageCount() called at 2025-11-25 22:33:30
[25-Nov-2025 22:33:30 UTC] 📦 Params received: {"platform":"web","user_id":"2488","role_id":"5","class_id":["1374"]}
[25-Nov-2025 22:33:30 UTC] ✅ All validations passed
[25-Nov-2025 22:33:30 UTC] 📊 SQL Query: SELECT m.class_id, COUNT(*) as message_count 
                      FROM mailbox m
                      LEFT JOIN mailbox_details md ON m.message_id = md.message_id
                      WHERE m.class_id IN (1374) 
                        AND md.user_id = 2488 
                        AND md.is_read = 0
                      GROUP BY m.class_id
[25-Nov-2025 22:33:30 UTC] 📦 Query returned 0 rows: []
[25-Nov-2025 22:33:30 UTC] ✅ Prepared response with 1 items: [{"class_id":"1374","newMessage":0}]
[25-Nov-2025 22:33:30 UTC] ✅ SSE response sent successfully
[25-Nov-2025 22:34:53 UTC] 🚀 MailboxCI4::getMessageCount() called at 2025-11-25 22:34:53
[25-Nov-2025 22:34:53 UTC] 📦 Params received: {"platform":"web","user_id":"2488","role_id":"5","class_id":["1374"]}
[25-Nov-2025 22:34:53 UTC] ✅ All validations passed
[25-Nov-2025 22:34:53 UTC] 📊 SQL Query: SELECT m.class_id, COUNT(*) as message_count 
                      FROM mailbox m
                      LEFT JOIN mailbox_details md ON m.message_id = md.message_id
                      WHERE m.class_id IN (1374) 
                        AND md.user_id = 2488 
                        AND md.is_read = 0
                      GROUP BY m.class_id
[25-Nov-2025 22:34:53 UTC] 📦 Query returned 0 rows: []
[25-Nov-2025 22:34:53 UTC] ✅ Prepared response with 1 items: [{"class_id":"1374","newMessage":0}]
[25-Nov-2025 22:34:53 UTC] ✅ SSE response sent successfully
[29-Nov-2025 02:44:15 UTC] 🚀 MailboxCI4::getMessageCount() called at 2025-11-29 02:44:15
[29-Nov-2025 02:44:15 UTC] 📦 Params received: {"platform":"web","user_id":"2488","role_id":"5","class_id":["1374"]}
[29-Nov-2025 02:44:15 UTC] ✅ All validations passed
[29-Nov-2025 02:44:15 UTC] 📊 SQL Query: SELECT m.class_id, COUNT(*) as message_count 
                      FROM mailbox m
                      LEFT JOIN mailbox_details md ON m.message_id = md.message_id
                      WHERE m.class_id IN (1374) 
                        AND md.user_id = 2488 
                        AND md.is_read = 0
                      GROUP BY m.class_id
[29-Nov-2025 02:44:15 UTC] 📦 Query returned 0 rows: []
[29-Nov-2025 02:44:15 UTC] ✅ Prepared response with 1 items: [{"class_id":"1374","newMessage":0}]
[29-Nov-2025 02:44:15 UTC] ✅ SSE response sent successfully
[29-Nov-2025 03:06:11 UTC] PHP Fatal error:  Access level to App\Controllers\Mailbox::setCorsHeaders() must be protected (as in class App\Controllers\BaseController) or weaker in /Applications/MAMP/htdocs/rista_ci4/app/Controllers/Mailbox.php on line 287
[29-Nov-2025 03:06:15 UTC] PHP Fatal error:  Access level to App\Controllers\Mailbox::setCorsHeaders() must be protected (as in class App\Controllers\BaseController) or weaker in /Applications/MAMP/htdocs/rista_ci4/app/Controllers/Mailbox.php on line 287
[29-Nov-2025 03:17:32 UTC] 🚀 MailboxCI4::getMessageCount() called at 2025-11-29 03:17:32
[29-Nov-2025 03:17:32 UTC] 📦 Params received: {"platform":"web","user_id":"2488","role_id":"5","class_id":["1374"]}
[29-Nov-2025 03:17:32 UTC] ✅ All validations passed
[29-Nov-2025 03:17:32 UTC] 📊 SQL Query: SELECT m.class_id, COUNT(*) as message_count 
                      FROM mailbox m
                      LEFT JOIN mailbox_details md ON m.message_id = md.message_id
                      WHERE m.class_id IN (1374) 
                        AND md.user_id = 2488 
                        AND md.is_read = 0
                      GROUP BY m.class_id
[29-Nov-2025 03:17:32 UTC] 📦 Query returned 0 rows: []
[29-Nov-2025 03:17:32 UTC] ✅ Prepared response with 1 items: [{"class_id":"1374","newMessage":0}]
[29-Nov-2025 03:17:32 UTC] ✅ SSE response sent successfully
[29-Nov-2025 03:18:59 UTC] PHP Fatal error:  Access level to App\Controllers\Mailbox::setCorsHeaders() must be protected (as in class App\Controllers\BaseController) or weaker in /Applications/MAMP/htdocs/rista_ci4/app/Controllers/Mailbox.php on line 287
[29-Nov-2025 03:19:08 UTC] PHP Fatal error:  Access level to App\Controllers\Mailbox::setCorsHeaders() must be protected (as in class App\Controllers\BaseController) or weaker in /Applications/MAMP/htdocs/rista_ci4/app/Controllers/Mailbox.php on line 287
[29-Nov-2025 03:21:08 UTC] PHP Fatal error:  Access level to App\Controllers\Mailbox::setCorsHeaders() must be protected (as in class App\Controllers\BaseController) or weaker in /Applications/MAMP/htdocs/rista_ci4/app/Controllers/Mailbox.php on line 287
[29-Nov-2025 03:21:13 UTC] PHP Fatal error:  Access level to App\Controllers\Mailbox::setCorsHeaders() must be protected (as in class App\Controllers\BaseController) or weaker in /Applications/MAMP/htdocs/rista_ci4/app/Controllers/Mailbox.php on line 287
