CRITICAL - 2025-05-01 03:40:36 --> Error: Call to a member function getMethod() on null
[Method: GET, Route: /]
in APPPATH/Traits/CorsTrait.php on line 19.
 1 APPPATH/Controllers/BaseController.php(22): App\Controllers\BaseController->setCorsHeaders()
 2 SYSTEMPATH/CodeIgniter.php(904): App\Controllers\BaseController->initController(Object(CodeIgniter\HTTP\IncomingRequest), Object(CodeIgniter\HTTP\Response), Object(CodeIgniter\Log\Logger))
 3 SYSTEMPATH/CodeIgniter.php(498): CodeIgniter\CodeIgniter->createController()
 4 SYSTEMPATH/CodeIgniter.php(354): CodeIgniter\CodeIgniter->handleRequest(null, Object(Config\Cache), false)
 5 SYSTEMPATH/Boot.php(334): CodeIgniter\CodeIgniter->run()
 6 SYSTEMPATH/Boot.php(67): CodeIgniter\Boot::runCodeIgniter(Object(CodeIgniter\CodeIgniter))
 7 FCPATH/index.php(63): CodeIgniter\Boot::bootWeb(Object(Config\Paths))
CRITICAL - 2025-05-01 03:46:04 --> ErrorException: Declaration of App\Models\V1\CommonModel::insert($tablename, $data) must be compatible with CodeIgniter\Model::insert($row = null, bool $returnID = true)
[Method: POST, Route: api/]
in APPPATH/Models/V1/CommonModel.php on line 116.
 1 [internal function]: CodeIgniter\Debug\Exceptions->shutdownHandler()
CRITICAL - 2025-05-01 03:46:42 --> ErrorException: Declaration of App\Models\V1\CommonModel::update($tablename, $data, $condition) must be compatible with CodeIgniter\Model::update($id = null, $row = null): bool
[Method: POST, Route: api/]
in APPPATH/Models/V1/CommonModel.php on line 144.
 1 [internal function]: CodeIgniter\Debug\Exceptions->shutdownHandler()
CRITICAL - 2025-05-01 03:46:49 --> ErrorException: Declaration of App\Models\V1\CommonModel::update($tablename, $data, $condition) must be compatible with CodeIgniter\Model::update($id = null, $row = null): bool
[Method: POST, Route: api/]
in APPPATH/Models/V1/CommonModel.php on line 144.
 1 [internal function]: CodeIgniter\Debug\Exceptions->shutdownHandler()
CRITICAL - 2025-05-01 03:47:17 --> ErrorException: Declaration of App\Models\V1\CommonModel::delete($tablename, $condition) must be compatible with CodeIgniter\BaseModel::delete($id = null, bool $purge = false)
[Method: POST, Route: api/]
in APPPATH/Models/V1/CommonModel.php on line 195.
 1 [internal function]: CodeIgniter\Debug\Exceptions->shutdownHandler()
WARNING - 2025-05-01 03:47:35 --> [DEPRECATED] json_decode(): Passing null to parameter #1 ($json) of type string is deprecated in APPPATH/Models/V1/CommonModel.php on line 30.
 1 APPPATH/Models/V1/CommonModel.php(30): json_decode(null, true)
 2 APPPATH/Controllers/Api.php(21): App\Models\V1\CommonModel->__construct()
 3 SYSTEMPATH/CodeIgniter.php(903): App\Controllers\Api->__construct()
 4 SYSTEMPATH/CodeIgniter.php(498): CodeIgniter\CodeIgniter->createController()
 5 SYSTEMPATH/CodeIgniter.php(354): CodeIgniter\CodeIgniter->handleRequest(null, Object(Config\Cache), false)
 6 SYSTEMPATH/Boot.php(334): CodeIgniter\CodeIgniter->run()
 7 SYSTEMPATH/Boot.php(67): CodeIgniter\Boot::runCodeIgniter(Object(CodeIgniter\CodeIgniter))
 8 FCPATH/index.php(63): CodeIgniter\Boot::bootWeb(Object(Config\Paths))
CRITICAL - 2025-05-01 03:47:35 --> ErrorException: Undefined property: Config\App::$timeZone
[Method: POST, Route: api/]
in APPPATH/Models/V1/CommonModel.php on line 38.
 1 APPPATH/Models/V1/CommonModel.php(38): CodeIgniter\Debug\Exceptions->errorHandler(2, 'Undefined property: Config\\App::$timeZone', '/Applications/MAMP/htdocs/rista/app/Models/V1/CommonModel.php', 38)
 2 APPPATH/Controllers/Api.php(21): App\Models\V1\CommonModel->__construct()
 3 SYSTEMPATH/CodeIgniter.php(903): App\Controllers\Api->__construct()
 4 SYSTEMPATH/CodeIgniter.php(498): CodeIgniter\CodeIgniter->createController()
 5 SYSTEMPATH/CodeIgniter.php(354): CodeIgniter\CodeIgniter->handleRequest(null, Object(Config\Cache), false)
 6 SYSTEMPATH/Boot.php(334): CodeIgniter\CodeIgniter->run()
 7 SYSTEMPATH/Boot.php(67): CodeIgniter\Boot::runCodeIgniter(Object(CodeIgniter\CodeIgniter))
 8 FCPATH/index.php(63): CodeIgniter\Boot::bootWeb(Object(Config\Paths))
WARNING - 2025-05-01 03:48:17 --> [DEPRECATED] json_decode(): Passing null to parameter #1 ($json) of type string is deprecated in APPPATH/Models/V1/CommonModel.php on line 30.
 1 APPPATH/Models/V1/CommonModel.php(30): json_decode(null, true)
 2 APPPATH/Controllers/Api.php(21): App\Models\V1\CommonModel->__construct()
 3 SYSTEMPATH/CodeIgniter.php(903): App\Controllers\Api->__construct()
 4 SYSTEMPATH/CodeIgniter.php(498): CodeIgniter\CodeIgniter->createController()
 5 SYSTEMPATH/CodeIgniter.php(354): CodeIgniter\CodeIgniter->handleRequest(null, Object(Config\Cache), false)
 6 SYSTEMPATH/Boot.php(334): CodeIgniter\CodeIgniter->run()
 7 SYSTEMPATH/Boot.php(67): CodeIgniter\Boot::runCodeIgniter(Object(CodeIgniter\CodeIgniter))
 8 FCPATH/index.php(63): CodeIgniter\Boot::bootWeb(Object(Config\Paths))
ERROR - 2025-05-01 03:48:17 --> mysqli_sql_exception: Unknown or incorrect time zone: 'UTC' in /Applications/MAMP/htdocs/rista/vendor/codeigniter4/framework/system/Database/MySQLi/Connection.php:327
Stack trace:
#0 /Applications/MAMP/htdocs/rista/vendor/codeigniter4/framework/system/Database/MySQLi/Connection.php(327): mysqli->query('SET SESSION tim...', 0)
#1 /Applications/MAMP/htdocs/rista/vendor/codeigniter4/framework/system/Database/BaseConnection.php(738): CodeIgniter\Database\MySQLi\Connection->execute('SET SESSION tim...')
#2 /Applications/MAMP/htdocs/rista/vendor/codeigniter4/framework/system/Database/BaseConnection.php(652): CodeIgniter\Database\BaseConnection->simpleQuery('SET SESSION tim...')
#3 /Applications/MAMP/htdocs/rista/app/Models/V1/CommonModel.php(40): CodeIgniter\Database\BaseConnection->query('SET SESSION tim...')
#4 /Applications/MAMP/htdocs/rista/app/Controllers/Api.php(21): App\Models\V1\CommonModel->__construct()
#5 /Applications/MAMP/htdocs/rista/vendor/codeigniter4/framework/system/CodeIgniter.php(903): App\Controllers\Api->__construct()
#6 /Applications/MAMP/htdocs/rista/vendor/codeigniter4/framework/system/CodeIgniter.php(498): CodeIgniter\CodeIgniter->createController()
#7 /Applications/MAMP/htdocs/rista/vendor/codeigniter4/framework/system/CodeIgniter.php(354): CodeIgniter\CodeIgniter->handleRequest(NULL, Object(Config\Cache), false)
#8 /Applications/MAMP/htdocs/rista/vendor/codeigniter4/framework/system/Boot.php(334): CodeIgniter\CodeIgniter->run()
#9 /Applications/MAMP/htdocs/rista/vendor/codeigniter4/framework/system/Boot.php(67): CodeIgniter\Boot::runCodeIgniter(Object(CodeIgniter\CodeIgniter))
#10 /Applications/MAMP/htdocs/rista/public/index.php(63): CodeIgniter\Boot::bootWeb(Object(Config\Paths))
#11 {main}
CRITICAL - 2025-05-01 03:48:17 --> CodeIgniter\Database\Exceptions\DatabaseException: Unknown or incorrect time zone: 'UTC'
[Method: POST, Route: api/]
in SYSTEMPATH/Database/BaseConnection.php on line 692.
 1 APPPATH/Models/V1/CommonModel.php(40): CodeIgniter\Database\BaseConnection->query('SET SESSION time_zone = \'UTC\'')
 2 APPPATH/Controllers/Api.php(21): App\Models\V1\CommonModel->__construct()
 3 SYSTEMPATH/CodeIgniter.php(903): App\Controllers\Api->__construct()
 4 SYSTEMPATH/CodeIgniter.php(498): CodeIgniter\CodeIgniter->createController()
 5 SYSTEMPATH/CodeIgniter.php(354): CodeIgniter\CodeIgniter->handleRequest(null, Object(Config\Cache), false)
 6 SYSTEMPATH/Boot.php(334): CodeIgniter\CodeIgniter->run()
 7 SYSTEMPATH/Boot.php(67): CodeIgniter\Boot::runCodeIgniter(Object(CodeIgniter\CodeIgniter))
 8 FCPATH/index.php(63): CodeIgniter\Boot::bootWeb(Object(Config\Paths))
CRITICAL - 2025-05-01 03:48:17 --> [Caused by] CodeIgniter\Database\Exceptions\DatabaseException: Unknown or incorrect time zone: 'UTC'
in SYSTEMPATH/Database/MySQLi/Connection.php on line 332.
 1 SYSTEMPATH/Database/BaseConnection.php(738): CodeIgniter\Database\MySQLi\Connection->execute('SET SESSION time_zone = \'UTC\'')
 2 SYSTEMPATH/Database/BaseConnection.php(652): CodeIgniter\Database\BaseConnection->simpleQuery('SET SESSION time_zone = \'UTC\'')
 3 APPPATH/Models/V1/CommonModel.php(40): CodeIgniter\Database\BaseConnection->query('SET SESSION time_zone = \'UTC\'')
 4 APPPATH/Controllers/Api.php(21): App\Models\V1\CommonModel->__construct()
 5 SYSTEMPATH/CodeIgniter.php(903): App\Controllers\Api->__construct()
 6 SYSTEMPATH/CodeIgniter.php(498): CodeIgniter\CodeIgniter->createController()
 7 SYSTEMPATH/CodeIgniter.php(354): CodeIgniter\CodeIgniter->handleRequest(null, Object(Config\Cache), false)
 8 SYSTEMPATH/Boot.php(334): CodeIgniter\CodeIgniter->run()
 9 SYSTEMPATH/Boot.php(67): CodeIgniter\Boot::runCodeIgniter(Object(CodeIgniter\CodeIgniter))
10 FCPATH/index.php(63): CodeIgniter\Boot::bootWeb(Object(Config\Paths))
CRITICAL - 2025-05-01 03:48:17 --> [Caused by] mysqli_sql_exception: Unknown or incorrect time zone: 'UTC'
in SYSTEMPATH/Database/MySQLi/Connection.php on line 327.
 1 SYSTEMPATH/Database/MySQLi/Connection.php(327): mysqli->query('SET SESSION time_zone = \'UTC\'', 0)
 2 SYSTEMPATH/Database/BaseConnection.php(738): CodeIgniter\Database\MySQLi\Connection->execute('SET SESSION time_zone = \'UTC\'')
 3 SYSTEMPATH/Database/BaseConnection.php(652): CodeIgniter\Database\BaseConnection->simpleQuery('SET SESSION time_zone = \'UTC\'')
 4 APPPATH/Models/V1/CommonModel.php(40): CodeIgniter\Database\BaseConnection->query('SET SESSION time_zone = \'UTC\'')
 5 APPPATH/Controllers/Api.php(21): App\Models\V1\CommonModel->__construct()
 6 SYSTEMPATH/CodeIgniter.php(903): App\Controllers\Api->__construct()
 7 SYSTEMPATH/CodeIgniter.php(498): CodeIgniter\CodeIgniter->createController()
 8 SYSTEMPATH/CodeIgniter.php(354): CodeIgniter\CodeIgniter->handleRequest(null, Object(Config\Cache), false)
 9 SYSTEMPATH/Boot.php(334): CodeIgniter\CodeIgniter->run()
10 SYSTEMPATH/Boot.php(67): CodeIgniter\Boot::runCodeIgniter(Object(CodeIgniter\CodeIgniter))
11 FCPATH/index.php(63): CodeIgniter\Boot::bootWeb(Object(Config\Paths))
ERROR - 2025-05-01 03:48:36 --> mysqli_sql_exception: Unknown or incorrect time zone: 'UTC' in /Applications/MAMP/htdocs/rista/vendor/codeigniter4/framework/system/Database/MySQLi/Connection.php:327
Stack trace:
#0 /Applications/MAMP/htdocs/rista/vendor/codeigniter4/framework/system/Database/MySQLi/Connection.php(327): mysqli->query('SET SESSION tim...', 0)
#1 /Applications/MAMP/htdocs/rista/vendor/codeigniter4/framework/system/Database/BaseConnection.php(738): CodeIgniter\Database\MySQLi\Connection->execute('SET SESSION tim...')
#2 /Applications/MAMP/htdocs/rista/vendor/codeigniter4/framework/system/Database/BaseConnection.php(652): CodeIgniter\Database\BaseConnection->simpleQuery('SET SESSION tim...')
#3 /Applications/MAMP/htdocs/rista/app/Models/V1/CommonModel.php(40): CodeIgniter\Database\BaseConnection->query('SET SESSION tim...')
#4 /Applications/MAMP/htdocs/rista/app/Controllers/Api.php(21): App\Models\V1\CommonModel->__construct()
#5 /Applications/MAMP/htdocs/rista/vendor/codeigniter4/framework/system/CodeIgniter.php(903): App\Controllers\Api->__construct()
#6 /Applications/MAMP/htdocs/rista/vendor/codeigniter4/framework/system/CodeIgniter.php(498): CodeIgniter\CodeIgniter->createController()
#7 /Applications/MAMP/htdocs/rista/vendor/codeigniter4/framework/system/CodeIgniter.php(354): CodeIgniter\CodeIgniter->handleRequest(NULL, Object(Config\Cache), false)
#8 /Applications/MAMP/htdocs/rista/vendor/codeigniter4/framework/system/Boot.php(334): CodeIgniter\CodeIgniter->run()
#9 /Applications/MAMP/htdocs/rista/vendor/codeigniter4/framework/system/Boot.php(67): CodeIgniter\Boot::runCodeIgniter(Object(CodeIgniter\CodeIgniter))
#10 /Applications/MAMP/htdocs/rista/public/index.php(63): CodeIgniter\Boot::bootWeb(Object(Config\Paths))
#11 {main}
CRITICAL - 2025-05-01 03:48:36 --> CodeIgniter\Database\Exceptions\DatabaseException: Unknown or incorrect time zone: 'UTC'
[Method: POST, Route: api/]
in SYSTEMPATH/Database/BaseConnection.php on line 692.
 1 APPPATH/Models/V1/CommonModel.php(40): CodeIgniter\Database\BaseConnection->query('SET SESSION time_zone = \'UTC\'')
 2 APPPATH/Controllers/Api.php(21): App\Models\V1\CommonModel->__construct()
 3 SYSTEMPATH/CodeIgniter.php(903): App\Controllers\Api->__construct()
 4 SYSTEMPATH/CodeIgniter.php(498): CodeIgniter\CodeIgniter->createController()
 5 SYSTEMPATH/CodeIgniter.php(354): CodeIgniter\CodeIgniter->handleRequest(null, Object(Config\Cache), false)
 6 SYSTEMPATH/Boot.php(334): CodeIgniter\CodeIgniter->run()
 7 SYSTEMPATH/Boot.php(67): CodeIgniter\Boot::runCodeIgniter(Object(CodeIgniter\CodeIgniter))
 8 FCPATH/index.php(63): CodeIgniter\Boot::bootWeb(Object(Config\Paths))
CRITICAL - 2025-05-01 03:48:36 --> [Caused by] CodeIgniter\Database\Exceptions\DatabaseException: Unknown or incorrect time zone: 'UTC'
in SYSTEMPATH/Database/MySQLi/Connection.php on line 332.
 1 SYSTEMPATH/Database/BaseConnection.php(738): CodeIgniter\Database\MySQLi\Connection->execute('SET SESSION time_zone = \'UTC\'')
 2 SYSTEMPATH/Database/BaseConnection.php(652): CodeIgniter\Database\BaseConnection->simpleQuery('SET SESSION time_zone = \'UTC\'')
 3 APPPATH/Models/V1/CommonModel.php(40): CodeIgniter\Database\BaseConnection->query('SET SESSION time_zone = \'UTC\'')
 4 APPPATH/Controllers/Api.php(21): App\Models\V1\CommonModel->__construct()
 5 SYSTEMPATH/CodeIgniter.php(903): App\Controllers\Api->__construct()
 6 SYSTEMPATH/CodeIgniter.php(498): CodeIgniter\CodeIgniter->createController()
 7 SYSTEMPATH/CodeIgniter.php(354): CodeIgniter\CodeIgniter->handleRequest(null, Object(Config\Cache), false)
 8 SYSTEMPATH/Boot.php(334): CodeIgniter\CodeIgniter->run()
 9 SYSTEMPATH/Boot.php(67): CodeIgniter\Boot::runCodeIgniter(Object(CodeIgniter\CodeIgniter))
10 FCPATH/index.php(63): CodeIgniter\Boot::bootWeb(Object(Config\Paths))
CRITICAL - 2025-05-01 03:48:36 --> [Caused by] mysqli_sql_exception: Unknown or incorrect time zone: 'UTC'
in SYSTEMPATH/Database/MySQLi/Connection.php on line 327.
 1 SYSTEMPATH/Database/MySQLi/Connection.php(327): mysqli->query('SET SESSION time_zone = \'UTC\'', 0)
 2 SYSTEMPATH/Database/BaseConnection.php(738): CodeIgniter\Database\MySQLi\Connection->execute('SET SESSION time_zone = \'UTC\'')
 3 SYSTEMPATH/Database/BaseConnection.php(652): CodeIgniter\Database\BaseConnection->simpleQuery('SET SESSION time_zone = \'UTC\'')
 4 APPPATH/Models/V1/CommonModel.php(40): CodeIgniter\Database\BaseConnection->query('SET SESSION time_zone = \'UTC\'')
 5 APPPATH/Controllers/Api.php(21): App\Models\V1\CommonModel->__construct()
 6 SYSTEMPATH/CodeIgniter.php(903): App\Controllers\Api->__construct()
 7 SYSTEMPATH/CodeIgniter.php(498): CodeIgniter\CodeIgniter->createController()
 8 SYSTEMPATH/CodeIgniter.php(354): CodeIgniter\CodeIgniter->handleRequest(null, Object(Config\Cache), false)
 9 SYSTEMPATH/Boot.php(334): CodeIgniter\CodeIgniter->run()
10 SYSTEMPATH/Boot.php(67): CodeIgniter\Boot::runCodeIgniter(Object(CodeIgniter\CodeIgniter))
11 FCPATH/index.php(63): CodeIgniter\Boot::bootWeb(Object(Config\Paths))
ERROR - 2025-05-01 03:51:34 --> mysqli_sql_exception: Unknown or incorrect time zone: 'UTC' in /Applications/MAMP/htdocs/rista/vendor/codeigniter4/framework/system/Database/MySQLi/Connection.php:327
Stack trace:
#0 /Applications/MAMP/htdocs/rista/vendor/codeigniter4/framework/system/Database/MySQLi/Connection.php(327): mysqli->query('SET SESSION tim...', 0)
#1 /Applications/MAMP/htdocs/rista/vendor/codeigniter4/framework/system/Database/BaseConnection.php(738): CodeIgniter\Database\MySQLi\Connection->execute('SET SESSION tim...')
#2 /Applications/MAMP/htdocs/rista/vendor/codeigniter4/framework/system/Database/BaseConnection.php(652): CodeIgniter\Database\BaseConnection->simpleQuery('SET SESSION tim...')
#3 /Applications/MAMP/htdocs/rista/app/Models/V1/CommonModel.php(40): CodeIgniter\Database\BaseConnection->query('SET SESSION tim...')
#4 /Applications/MAMP/htdocs/rista/app/Controllers/Api.php(21): App\Models\V1\CommonModel->__construct()
#5 /Applications/MAMP/htdocs/rista/vendor/codeigniter4/framework/system/CodeIgniter.php(903): App\Controllers\Api->__construct()
#6 /Applications/MAMP/htdocs/rista/vendor/codeigniter4/framework/system/CodeIgniter.php(498): CodeIgniter\CodeIgniter->createController()
#7 /Applications/MAMP/htdocs/rista/vendor/codeigniter4/framework/system/CodeIgniter.php(354): CodeIgniter\CodeIgniter->handleRequest(NULL, Object(Config\Cache), false)
#8 /Applications/MAMP/htdocs/rista/vendor/codeigniter4/framework/system/Boot.php(334): CodeIgniter\CodeIgniter->run()
#9 /Applications/MAMP/htdocs/rista/vendor/codeigniter4/framework/system/Boot.php(67): CodeIgniter\Boot::runCodeIgniter(Object(CodeIgniter\CodeIgniter))
#10 /Applications/MAMP/htdocs/rista/public/index.php(63): CodeIgniter\Boot::bootWeb(Object(Config\Paths))
#11 {main}
CRITICAL - 2025-05-01 03:51:34 --> CodeIgniter\Database\Exceptions\DatabaseException: Unknown or incorrect time zone: 'UTC'
[Method: POST, Route: api/]
in SYSTEMPATH/Database/BaseConnection.php on line 692.
 1 APPPATH/Models/V1/CommonModel.php(40): CodeIgniter\Database\BaseConnection->query('SET SESSION time_zone = \'UTC\'')
 2 APPPATH/Controllers/Api.php(21): App\Models\V1\CommonModel->__construct()
 3 SYSTEMPATH/CodeIgniter.php(903): App\Controllers\Api->__construct()
 4 SYSTEMPATH/CodeIgniter.php(498): CodeIgniter\CodeIgniter->createController()
 5 SYSTEMPATH/CodeIgniter.php(354): CodeIgniter\CodeIgniter->handleRequest(null, Object(Config\Cache), false)
 6 SYSTEMPATH/Boot.php(334): CodeIgniter\CodeIgniter->run()
 7 SYSTEMPATH/Boot.php(67): CodeIgniter\Boot::runCodeIgniter(Object(CodeIgniter\CodeIgniter))
 8 FCPATH/index.php(63): CodeIgniter\Boot::bootWeb(Object(Config\Paths))
CRITICAL - 2025-05-01 03:51:34 --> [Caused by] CodeIgniter\Database\Exceptions\DatabaseException: Unknown or incorrect time zone: 'UTC'
in SYSTEMPATH/Database/MySQLi/Connection.php on line 332.
 1 SYSTEMPATH/Database/BaseConnection.php(738): CodeIgniter\Database\MySQLi\Connection->execute('SET SESSION time_zone = \'UTC\'')
 2 SYSTEMPATH/Database/BaseConnection.php(652): CodeIgniter\Database\BaseConnection->simpleQuery('SET SESSION time_zone = \'UTC\'')
 3 APPPATH/Models/V1/CommonModel.php(40): CodeIgniter\Database\BaseConnection->query('SET SESSION time_zone = \'UTC\'')
 4 APPPATH/Controllers/Api.php(21): App\Models\V1\CommonModel->__construct()
 5 SYSTEMPATH/CodeIgniter.php(903): App\Controllers\Api->__construct()
 6 SYSTEMPATH/CodeIgniter.php(498): CodeIgniter\CodeIgniter->createController()
 7 SYSTEMPATH/CodeIgniter.php(354): CodeIgniter\CodeIgniter->handleRequest(null, Object(Config\Cache), false)
 8 SYSTEMPATH/Boot.php(334): CodeIgniter\CodeIgniter->run()
 9 SYSTEMPATH/Boot.php(67): CodeIgniter\Boot::runCodeIgniter(Object(CodeIgniter\CodeIgniter))
10 FCPATH/index.php(63): CodeIgniter\Boot::bootWeb(Object(Config\Paths))
CRITICAL - 2025-05-01 03:51:34 --> [Caused by] mysqli_sql_exception: Unknown or incorrect time zone: 'UTC'
in SYSTEMPATH/Database/MySQLi/Connection.php on line 327.
 1 SYSTEMPATH/Database/MySQLi/Connection.php(327): mysqli->query('SET SESSION time_zone = \'UTC\'', 0)
 2 SYSTEMPATH/Database/BaseConnection.php(738): CodeIgniter\Database\MySQLi\Connection->execute('SET SESSION time_zone = \'UTC\'')
 3 SYSTEMPATH/Database/BaseConnection.php(652): CodeIgniter\Database\BaseConnection->simpleQuery('SET SESSION time_zone = \'UTC\'')
 4 APPPATH/Models/V1/CommonModel.php(40): CodeIgniter\Database\BaseConnection->query('SET SESSION time_zone = \'UTC\'')
 5 APPPATH/Controllers/Api.php(21): App\Models\V1\CommonModel->__construct()
 6 SYSTEMPATH/CodeIgniter.php(903): App\Controllers\Api->__construct()
 7 SYSTEMPATH/CodeIgniter.php(498): CodeIgniter\CodeIgniter->createController()
 8 SYSTEMPATH/CodeIgniter.php(354): CodeIgniter\CodeIgniter->handleRequest(null, Object(Config\Cache), false)
 9 SYSTEMPATH/Boot.php(334): CodeIgniter\CodeIgniter->run()
10 SYSTEMPATH/Boot.php(67): CodeIgniter\Boot::runCodeIgniter(Object(CodeIgniter\CodeIgniter))
11 FCPATH/index.php(63): CodeIgniter\Boot::bootWeb(Object(Config\Paths))
