WARNING - 2025-05-05 17:22:01 --> [DEPRECATED] json_decode(): Passing null to parameter #1 ($json) of type string is deprecated in APPPATH/Models/V1/CommonModel.php on line 30.
 1 APPPATH/Models/V1/CommonModel.php(30): json_decode(null, true)
 2 APPPATH/Controllers/Api.php(21): App\Models\V1\CommonModel->__construct()
 3 SYSTEMPATH/CodeIgniter.php(903): App\Controllers\Api->__construct()
 4 SYSTEMPATH/CodeIgniter.php(498): CodeIgniter\CodeIgniter->createController()
 5 SYSTEMPATH/CodeIgniter.php(354): CodeIgniter\CodeIgniter->handleRequest(null, Object(Config\Cache), false)
 6 SYSTEMPATH/Boot.php(334): CodeIgniter\CodeIgniter->run()
 7 SYSTEMPATH/Boot.php(67): CodeIgniter\Boot::runCodeIgniter(Object(CodeIgniter\CodeIgniter))
 8 FCPATH/index.php(63): CodeIgniter\Boot::bootWeb(Object(Config\Paths))
ERROR - 2025-05-05 17:22:01 --> mysqli_sql_exception: Unknown or incorrect time zone: 'UTC' in /Applications/MAMP/htdocs/rista/vendor/codeigniter4/framework/system/Database/MySQLi/Connection.php:327
Stack trace:
#0 /Applications/MAMP/htdocs/rista/vendor/codeigniter4/framework/system/Database/MySQLi/Connection.php(327): mysqli->query('SET SESSION tim...', 0)
#1 /Applications/MAMP/htdocs/rista/vendor/codeigniter4/framework/system/Database/BaseConnection.php(738): CodeIgniter\Database\MySQLi\Connection->execute('SET SESSION tim...')
#2 /Applications/MAMP/htdocs/rista/vendor/codeigniter4/framework/system/Database/BaseConnection.php(652): CodeIgniter\Database\BaseConnection->simpleQuery('SET SESSION tim...')
#3 /Applications/MAMP/htdocs/rista/app/Models/V1/CommonModel.php(40): CodeIgniter\Database\BaseConnection->query('SET SESSION tim...')
#4 /Applications/MAMP/htdocs/rista/app/Controllers/Api.php(21): App\Models\V1\CommonModel->__construct()
#5 /Applications/MAMP/htdocs/rista/vendor/codeigniter4/framework/system/CodeIgniter.php(903): App\Controllers\Api->__construct()
#6 /Applications/MAMP/htdocs/rista/vendor/codeigniter4/framework/system/CodeIgniter.php(498): CodeIgniter\CodeIgniter->createController()
#7 /Applications/MAMP/htdocs/rista/vendor/codeigniter4/framework/system/CodeIgniter.php(354): CodeIgniter\CodeIgniter->handleRequest(NULL, Object(Config\Cache), false)
#8 /Applications/MAMP/htdocs/rista/vendor/codeigniter4/framework/system/Boot.php(334): CodeIgniter\CodeIgniter->run()
#9 /Applications/MAMP/htdocs/rista/vendor/codeigniter4/framework/system/Boot.php(67): CodeIgniter\Boot::runCodeIgniter(Object(CodeIgniter\CodeIgniter))
#10 /Applications/MAMP/htdocs/rista/public/index.php(63): CodeIgniter\Boot::bootWeb(Object(Config\Paths))
#11 {main}
CRITICAL - 2025-05-05 17:22:01 --> CodeIgniter\Database\Exceptions\DatabaseException: Unknown or incorrect time zone: 'UTC'
[Method: GET, Route: api/]
in SYSTEMPATH/Database/BaseConnection.php on line 692.
 1 APPPATH/Models/V1/CommonModel.php(40): CodeIgniter\Database\BaseConnection->query('SET SESSION time_zone = \'UTC\'')
 2 APPPATH/Controllers/Api.php(21): App\Models\V1\CommonModel->__construct()
 3 SYSTEMPATH/CodeIgniter.php(903): App\Controllers\Api->__construct()
 4 SYSTEMPATH/CodeIgniter.php(498): CodeIgniter\CodeIgniter->createController()
 5 SYSTEMPATH/CodeIgniter.php(354): CodeIgniter\CodeIgniter->handleRequest(null, Object(Config\Cache), false)
 6 SYSTEMPATH/Boot.php(334): CodeIgniter\CodeIgniter->run()
 7 SYSTEMPATH/Boot.php(67): CodeIgniter\Boot::runCodeIgniter(Object(CodeIgniter\CodeIgniter))
 8 FCPATH/index.php(63): CodeIgniter\Boot::bootWeb(Object(Config\Paths))
CRITICAL - 2025-05-05 17:22:01 --> [Caused by] CodeIgniter\Database\Exceptions\DatabaseException: Unknown or incorrect time zone: 'UTC'
in SYSTEMPATH/Database/MySQLi/Connection.php on line 332.
 1 SYSTEMPATH/Database/BaseConnection.php(738): CodeIgniter\Database\MySQLi\Connection->execute('SET SESSION time_zone = \'UTC\'')
 2 SYSTEMPATH/Database/BaseConnection.php(652): CodeIgniter\Database\BaseConnection->simpleQuery('SET SESSION time_zone = \'UTC\'')
 3 APPPATH/Models/V1/CommonModel.php(40): CodeIgniter\Database\BaseConnection->query('SET SESSION time_zone = \'UTC\'')
 4 APPPATH/Controllers/Api.php(21): App\Models\V1\CommonModel->__construct()
 5 SYSTEMPATH/CodeIgniter.php(903): App\Controllers\Api->__construct()
 6 SYSTEMPATH/CodeIgniter.php(498): CodeIgniter\CodeIgniter->createController()
 7 SYSTEMPATH/CodeIgniter.php(354): CodeIgniter\CodeIgniter->handleRequest(null, Object(Config\Cache), false)
 8 SYSTEMPATH/Boot.php(334): CodeIgniter\CodeIgniter->run()
 9 SYSTEMPATH/Boot.php(67): CodeIgniter\Boot::runCodeIgniter(Object(CodeIgniter\CodeIgniter))
10 FCPATH/index.php(63): CodeIgniter\Boot::bootWeb(Object(Config\Paths))
CRITICAL - 2025-05-05 17:22:01 --> [Caused by] mysqli_sql_exception: Unknown or incorrect time zone: 'UTC'
in SYSTEMPATH/Database/MySQLi/Connection.php on line 327.
 1 SYSTEMPATH/Database/MySQLi/Connection.php(327): mysqli->query('SET SESSION time_zone = \'UTC\'', 0)
 2 SYSTEMPATH/Database/BaseConnection.php(738): CodeIgniter\Database\MySQLi\Connection->execute('SET SESSION time_zone = \'UTC\'')
 3 SYSTEMPATH/Database/BaseConnection.php(652): CodeIgniter\Database\BaseConnection->simpleQuery('SET SESSION time_zone = \'UTC\'')
 4 APPPATH/Models/V1/CommonModel.php(40): CodeIgniter\Database\BaseConnection->query('SET SESSION time_zone = \'UTC\'')
 5 APPPATH/Controllers/Api.php(21): App\Models\V1\CommonModel->__construct()
 6 SYSTEMPATH/CodeIgniter.php(903): App\Controllers\Api->__construct()
 7 SYSTEMPATH/CodeIgniter.php(498): CodeIgniter\CodeIgniter->createController()
 8 SYSTEMPATH/CodeIgniter.php(354): CodeIgniter\CodeIgniter->handleRequest(null, Object(Config\Cache), false)
 9 SYSTEMPATH/Boot.php(334): CodeIgniter\CodeIgniter->run()
10 SYSTEMPATH/Boot.php(67): CodeIgniter\Boot::runCodeIgniter(Object(CodeIgniter\CodeIgniter))
11 FCPATH/index.php(63): CodeIgniter\Boot::bootWeb(Object(Config\Paths))
WARNING - 2025-05-05 17:26:02 --> [DEPRECATED] json_decode(): Passing null to parameter #1 ($json) of type string is deprecated in APPPATH/Models/V1/CommonModel.php on line 30.
 1 APPPATH/Models/V1/CommonModel.php(30): json_decode(null, true)
 2 APPPATH/Controllers/Api.php(21): App\Models\V1\CommonModel->__construct()
 3 SYSTEMPATH/CodeIgniter.php(903): App\Controllers\Api->__construct()
 4 SYSTEMPATH/CodeIgniter.php(498): CodeIgniter\CodeIgniter->createController()
 5 SYSTEMPATH/CodeIgniter.php(354): CodeIgniter\CodeIgniter->handleRequest(null, Object(Config\Cache), false)
 6 SYSTEMPATH/Boot.php(334): CodeIgniter\CodeIgniter->run()
 7 SYSTEMPATH/Boot.php(67): CodeIgniter\Boot::runCodeIgniter(Object(CodeIgniter\CodeIgniter))
 8 FCPATH/index.php(63): CodeIgniter\Boot::bootWeb(Object(Config\Paths))
ERROR - 2025-05-05 17:26:02 --> mysqli_sql_exception: Unknown or incorrect time zone: 'UTC' in /Applications/MAMP/htdocs/rista/vendor/codeigniter4/framework/system/Database/MySQLi/Connection.php:327
Stack trace:
#0 /Applications/MAMP/htdocs/rista/vendor/codeigniter4/framework/system/Database/MySQLi/Connection.php(327): mysqli->query('SET SESSION tim...', 0)
#1 /Applications/MAMP/htdocs/rista/vendor/codeigniter4/framework/system/Database/BaseConnection.php(738): CodeIgniter\Database\MySQLi\Connection->execute('SET SESSION tim...')
#2 /Applications/MAMP/htdocs/rista/vendor/codeigniter4/framework/system/Database/BaseConnection.php(652): CodeIgniter\Database\BaseConnection->simpleQuery('SET SESSION tim...')
#3 /Applications/MAMP/htdocs/rista/app/Models/V1/CommonModel.php(40): CodeIgniter\Database\BaseConnection->query('SET SESSION tim...')
#4 /Applications/MAMP/htdocs/rista/app/Controllers/Api.php(21): App\Models\V1\CommonModel->__construct()
#5 /Applications/MAMP/htdocs/rista/vendor/codeigniter4/framework/system/CodeIgniter.php(903): App\Controllers\Api->__construct()
#6 /Applications/MAMP/htdocs/rista/vendor/codeigniter4/framework/system/CodeIgniter.php(498): CodeIgniter\CodeIgniter->createController()
#7 /Applications/MAMP/htdocs/rista/vendor/codeigniter4/framework/system/CodeIgniter.php(354): CodeIgniter\CodeIgniter->handleRequest(NULL, Object(Config\Cache), false)
#8 /Applications/MAMP/htdocs/rista/vendor/codeigniter4/framework/system/Boot.php(334): CodeIgniter\CodeIgniter->run()
#9 /Applications/MAMP/htdocs/rista/vendor/codeigniter4/framework/system/Boot.php(67): CodeIgniter\Boot::runCodeIgniter(Object(CodeIgniter\CodeIgniter))
#10 /Applications/MAMP/htdocs/rista/public/index.php(63): CodeIgniter\Boot::bootWeb(Object(Config\Paths))
#11 {main}
CRITICAL - 2025-05-05 17:26:02 --> CodeIgniter\Database\Exceptions\DatabaseException: Unknown or incorrect time zone: 'UTC'
[Method: GET, Route: api/]
in SYSTEMPATH/Database/BaseConnection.php on line 692.
 1 APPPATH/Models/V1/CommonModel.php(40): CodeIgniter\Database\BaseConnection->query('SET SESSION time_zone = \'UTC\'')
 2 APPPATH/Controllers/Api.php(21): App\Models\V1\CommonModel->__construct()
 3 SYSTEMPATH/CodeIgniter.php(903): App\Controllers\Api->__construct()
 4 SYSTEMPATH/CodeIgniter.php(498): CodeIgniter\CodeIgniter->createController()
 5 SYSTEMPATH/CodeIgniter.php(354): CodeIgniter\CodeIgniter->handleRequest(null, Object(Config\Cache), false)
 6 SYSTEMPATH/Boot.php(334): CodeIgniter\CodeIgniter->run()
 7 SYSTEMPATH/Boot.php(67): CodeIgniter\Boot::runCodeIgniter(Object(CodeIgniter\CodeIgniter))
 8 FCPATH/index.php(63): CodeIgniter\Boot::bootWeb(Object(Config\Paths))
CRITICAL - 2025-05-05 17:26:02 --> [Caused by] CodeIgniter\Database\Exceptions\DatabaseException: Unknown or incorrect time zone: 'UTC'
in SYSTEMPATH/Database/MySQLi/Connection.php on line 332.
 1 SYSTEMPATH/Database/BaseConnection.php(738): CodeIgniter\Database\MySQLi\Connection->execute('SET SESSION time_zone = \'UTC\'')
 2 SYSTEMPATH/Database/BaseConnection.php(652): CodeIgniter\Database\BaseConnection->simpleQuery('SET SESSION time_zone = \'UTC\'')
 3 APPPATH/Models/V1/CommonModel.php(40): CodeIgniter\Database\BaseConnection->query('SET SESSION time_zone = \'UTC\'')
 4 APPPATH/Controllers/Api.php(21): App\Models\V1\CommonModel->__construct()
 5 SYSTEMPATH/CodeIgniter.php(903): App\Controllers\Api->__construct()
 6 SYSTEMPATH/CodeIgniter.php(498): CodeIgniter\CodeIgniter->createController()
 7 SYSTEMPATH/CodeIgniter.php(354): CodeIgniter\CodeIgniter->handleRequest(null, Object(Config\Cache), false)
 8 SYSTEMPATH/Boot.php(334): CodeIgniter\CodeIgniter->run()
 9 SYSTEMPATH/Boot.php(67): CodeIgniter\Boot::runCodeIgniter(Object(CodeIgniter\CodeIgniter))
10 FCPATH/index.php(63): CodeIgniter\Boot::bootWeb(Object(Config\Paths))
CRITICAL - 2025-05-05 17:26:02 --> [Caused by] mysqli_sql_exception: Unknown or incorrect time zone: 'UTC'
in SYSTEMPATH/Database/MySQLi/Connection.php on line 327.
 1 SYSTEMPATH/Database/MySQLi/Connection.php(327): mysqli->query('SET SESSION time_zone = \'UTC\'', 0)
 2 SYSTEMPATH/Database/BaseConnection.php(738): CodeIgniter\Database\MySQLi\Connection->execute('SET SESSION time_zone = \'UTC\'')
 3 SYSTEMPATH/Database/BaseConnection.php(652): CodeIgniter\Database\BaseConnection->simpleQuery('SET SESSION time_zone = \'UTC\'')
 4 APPPATH/Models/V1/CommonModel.php(40): CodeIgniter\Database\BaseConnection->query('SET SESSION time_zone = \'UTC\'')
 5 APPPATH/Controllers/Api.php(21): App\Models\V1\CommonModel->__construct()
 6 SYSTEMPATH/CodeIgniter.php(903): App\Controllers\Api->__construct()
 7 SYSTEMPATH/CodeIgniter.php(498): CodeIgniter\CodeIgniter->createController()
 8 SYSTEMPATH/CodeIgniter.php(354): CodeIgniter\CodeIgniter->handleRequest(null, Object(Config\Cache), false)
 9 SYSTEMPATH/Boot.php(334): CodeIgniter\CodeIgniter->run()
10 SYSTEMPATH/Boot.php(67): CodeIgniter\Boot::runCodeIgniter(Object(CodeIgniter\CodeIgniter))
11 FCPATH/index.php(63): CodeIgniter\Boot::bootWeb(Object(Config\Paths))
WARNING - 2025-05-05 17:42:46 --> [DEPRECATED] json_decode(): Passing null to parameter #1 ($json) of type string is deprecated in APPPATH/Models/V1/CommonModel.php on line 30.
 1 APPPATH/Models/V1/CommonModel.php(30): json_decode(null, true)
 2 APPPATH/Controllers/Api.php(21): App\Models\V1\CommonModel->__construct()
 3 SYSTEMPATH/CodeIgniter.php(903): App\Controllers\Api->__construct()
 4 SYSTEMPATH/CodeIgniter.php(498): CodeIgniter\CodeIgniter->createController()
 5 SYSTEMPATH/CodeIgniter.php(354): CodeIgniter\CodeIgniter->handleRequest(null, Object(Config\Cache), false)
 6 SYSTEMPATH/Boot.php(334): CodeIgniter\CodeIgniter->run()
 7 SYSTEMPATH/Boot.php(67): CodeIgniter\Boot::runCodeIgniter(Object(CodeIgniter\CodeIgniter))
 8 FCPATH/index.php(63): CodeIgniter\Boot::bootWeb(Object(Config\Paths))
ERROR - 2025-05-05 17:42:46 --> mysqli_sql_exception: Unknown or incorrect time zone: 'UTC' in /Applications/MAMP/htdocs/rista/vendor/codeigniter4/framework/system/Database/MySQLi/Connection.php:327
Stack trace:
#0 /Applications/MAMP/htdocs/rista/vendor/codeigniter4/framework/system/Database/MySQLi/Connection.php(327): mysqli->query('SET SESSION tim...', 0)
#1 /Applications/MAMP/htdocs/rista/vendor/codeigniter4/framework/system/Database/BaseConnection.php(738): CodeIgniter\Database\MySQLi\Connection->execute('SET SESSION tim...')
#2 /Applications/MAMP/htdocs/rista/vendor/codeigniter4/framework/system/Database/BaseConnection.php(652): CodeIgniter\Database\BaseConnection->simpleQuery('SET SESSION tim...')
#3 /Applications/MAMP/htdocs/rista/app/Models/V1/CommonModel.php(40): CodeIgniter\Database\BaseConnection->query('SET SESSION tim...')
#4 /Applications/MAMP/htdocs/rista/app/Controllers/Api.php(21): App\Models\V1\CommonModel->__construct()
#5 /Applications/MAMP/htdocs/rista/vendor/codeigniter4/framework/system/CodeIgniter.php(903): App\Controllers\Api->__construct()
#6 /Applications/MAMP/htdocs/rista/vendor/codeigniter4/framework/system/CodeIgniter.php(498): CodeIgniter\CodeIgniter->createController()
#7 /Applications/MAMP/htdocs/rista/vendor/codeigniter4/framework/system/CodeIgniter.php(354): CodeIgniter\CodeIgniter->handleRequest(NULL, Object(Config\Cache), false)
#8 /Applications/MAMP/htdocs/rista/vendor/codeigniter4/framework/system/Boot.php(334): CodeIgniter\CodeIgniter->run()
#9 /Applications/MAMP/htdocs/rista/vendor/codeigniter4/framework/system/Boot.php(67): CodeIgniter\Boot::runCodeIgniter(Object(CodeIgniter\CodeIgniter))
#10 /Applications/MAMP/htdocs/rista/public/index.php(63): CodeIgniter\Boot::bootWeb(Object(Config\Paths))
#11 {main}
CRITICAL - 2025-05-05 17:42:46 --> CodeIgniter\Database\Exceptions\DatabaseException: Unknown or incorrect time zone: 'UTC'
[Method: GET, Route: api/]
in SYSTEMPATH/Database/BaseConnection.php on line 692.
 1 APPPATH/Models/V1/CommonModel.php(40): CodeIgniter\Database\BaseConnection->query('SET SESSION time_zone = \'UTC\'')
 2 APPPATH/Controllers/Api.php(21): App\Models\V1\CommonModel->__construct()
 3 SYSTEMPATH/CodeIgniter.php(903): App\Controllers\Api->__construct()
 4 SYSTEMPATH/CodeIgniter.php(498): CodeIgniter\CodeIgniter->createController()
 5 SYSTEMPATH/CodeIgniter.php(354): CodeIgniter\CodeIgniter->handleRequest(null, Object(Config\Cache), false)
 6 SYSTEMPATH/Boot.php(334): CodeIgniter\CodeIgniter->run()
 7 SYSTEMPATH/Boot.php(67): CodeIgniter\Boot::runCodeIgniter(Object(CodeIgniter\CodeIgniter))
 8 FCPATH/index.php(63): CodeIgniter\Boot::bootWeb(Object(Config\Paths))
CRITICAL - 2025-05-05 17:42:46 --> [Caused by] CodeIgniter\Database\Exceptions\DatabaseException: Unknown or incorrect time zone: 'UTC'
in SYSTEMPATH/Database/MySQLi/Connection.php on line 332.
 1 SYSTEMPATH/Database/BaseConnection.php(738): CodeIgniter\Database\MySQLi\Connection->execute('SET SESSION time_zone = \'UTC\'')
 2 SYSTEMPATH/Database/BaseConnection.php(652): CodeIgniter\Database\BaseConnection->simpleQuery('SET SESSION time_zone = \'UTC\'')
 3 APPPATH/Models/V1/CommonModel.php(40): CodeIgniter\Database\BaseConnection->query('SET SESSION time_zone = \'UTC\'')
 4 APPPATH/Controllers/Api.php(21): App\Models\V1\CommonModel->__construct()
 5 SYSTEMPATH/CodeIgniter.php(903): App\Controllers\Api->__construct()
 6 SYSTEMPATH/CodeIgniter.php(498): CodeIgniter\CodeIgniter->createController()
 7 SYSTEMPATH/CodeIgniter.php(354): CodeIgniter\CodeIgniter->handleRequest(null, Object(Config\Cache), false)
 8 SYSTEMPATH/Boot.php(334): CodeIgniter\CodeIgniter->run()
 9 SYSTEMPATH/Boot.php(67): CodeIgniter\Boot::runCodeIgniter(Object(CodeIgniter\CodeIgniter))
10 FCPATH/index.php(63): CodeIgniter\Boot::bootWeb(Object(Config\Paths))
CRITICAL - 2025-05-05 17:42:46 --> [Caused by] mysqli_sql_exception: Unknown or incorrect time zone: 'UTC'
in SYSTEMPATH/Database/MySQLi/Connection.php on line 327.
 1 SYSTEMPATH/Database/MySQLi/Connection.php(327): mysqli->query('SET SESSION time_zone = \'UTC\'', 0)
 2 SYSTEMPATH/Database/BaseConnection.php(738): CodeIgniter\Database\MySQLi\Connection->execute('SET SESSION time_zone = \'UTC\'')
 3 SYSTEMPATH/Database/BaseConnection.php(652): CodeIgniter\Database\BaseConnection->simpleQuery('SET SESSION time_zone = \'UTC\'')
 4 APPPATH/Models/V1/CommonModel.php(40): CodeIgniter\Database\BaseConnection->query('SET SESSION time_zone = \'UTC\'')
 5 APPPATH/Controllers/Api.php(21): App\Models\V1\CommonModel->__construct()
 6 SYSTEMPATH/CodeIgniter.php(903): App\Controllers\Api->__construct()
 7 SYSTEMPATH/CodeIgniter.php(498): CodeIgniter\CodeIgniter->createController()
 8 SYSTEMPATH/CodeIgniter.php(354): CodeIgniter\CodeIgniter->handleRequest(null, Object(Config\Cache), false)
 9 SYSTEMPATH/Boot.php(334): CodeIgniter\CodeIgniter->run()
10 SYSTEMPATH/Boot.php(67): CodeIgniter\Boot::runCodeIgniter(Object(CodeIgniter\CodeIgniter))
11 FCPATH/index.php(63): CodeIgniter\Boot::bootWeb(Object(Config\Paths))
WARNING - 2025-05-05 17:42:48 --> [DEPRECATED] json_decode(): Passing null to parameter #1 ($json) of type string is deprecated in APPPATH/Models/V1/CommonModel.php on line 30.
 1 APPPATH/Models/V1/CommonModel.php(30): json_decode(null, true)
 2 APPPATH/Controllers/Api.php(21): App\Models\V1\CommonModel->__construct()
 3 SYSTEMPATH/CodeIgniter.php(903): App\Controllers\Api->__construct()
 4 SYSTEMPATH/CodeIgniter.php(498): CodeIgniter\CodeIgniter->createController()
 5 SYSTEMPATH/CodeIgniter.php(354): CodeIgniter\CodeIgniter->handleRequest(null, Object(Config\Cache), false)
 6 SYSTEMPATH/Boot.php(334): CodeIgniter\CodeIgniter->run()
 7 SYSTEMPATH/Boot.php(67): CodeIgniter\Boot::runCodeIgniter(Object(CodeIgniter\CodeIgniter))
 8 FCPATH/index.php(63): CodeIgniter\Boot::bootWeb(Object(Config\Paths))
ERROR - 2025-05-05 17:42:48 --> mysqli_sql_exception: Unknown or incorrect time zone: 'UTC' in /Applications/MAMP/htdocs/rista/vendor/codeigniter4/framework/system/Database/MySQLi/Connection.php:327
Stack trace:
#0 /Applications/MAMP/htdocs/rista/vendor/codeigniter4/framework/system/Database/MySQLi/Connection.php(327): mysqli->query('SET SESSION tim...', 0)
#1 /Applications/MAMP/htdocs/rista/vendor/codeigniter4/framework/system/Database/BaseConnection.php(738): CodeIgniter\Database\MySQLi\Connection->execute('SET SESSION tim...')
#2 /Applications/MAMP/htdocs/rista/vendor/codeigniter4/framework/system/Database/BaseConnection.php(652): CodeIgniter\Database\BaseConnection->simpleQuery('SET SESSION tim...')
#3 /Applications/MAMP/htdocs/rista/app/Models/V1/CommonModel.php(40): CodeIgniter\Database\BaseConnection->query('SET SESSION tim...')
#4 /Applications/MAMP/htdocs/rista/app/Controllers/Api.php(21): App\Models\V1\CommonModel->__construct()
#5 /Applications/MAMP/htdocs/rista/vendor/codeigniter4/framework/system/CodeIgniter.php(903): App\Controllers\Api->__construct()
#6 /Applications/MAMP/htdocs/rista/vendor/codeigniter4/framework/system/CodeIgniter.php(498): CodeIgniter\CodeIgniter->createController()
#7 /Applications/MAMP/htdocs/rista/vendor/codeigniter4/framework/system/CodeIgniter.php(354): CodeIgniter\CodeIgniter->handleRequest(NULL, Object(Config\Cache), false)
#8 /Applications/MAMP/htdocs/rista/vendor/codeigniter4/framework/system/Boot.php(334): CodeIgniter\CodeIgniter->run()
#9 /Applications/MAMP/htdocs/rista/vendor/codeigniter4/framework/system/Boot.php(67): CodeIgniter\Boot::runCodeIgniter(Object(CodeIgniter\CodeIgniter))
#10 /Applications/MAMP/htdocs/rista/public/index.php(63): CodeIgniter\Boot::bootWeb(Object(Config\Paths))
#11 {main}
CRITICAL - 2025-05-05 17:42:48 --> CodeIgniter\Database\Exceptions\DatabaseException: Unknown or incorrect time zone: 'UTC'
[Method: GET, Route: api/]
in SYSTEMPATH/Database/BaseConnection.php on line 692.
 1 APPPATH/Models/V1/CommonModel.php(40): CodeIgniter\Database\BaseConnection->query('SET SESSION time_zone = \'UTC\'')
 2 APPPATH/Controllers/Api.php(21): App\Models\V1\CommonModel->__construct()
 3 SYSTEMPATH/CodeIgniter.php(903): App\Controllers\Api->__construct()
 4 SYSTEMPATH/CodeIgniter.php(498): CodeIgniter\CodeIgniter->createController()
 5 SYSTEMPATH/CodeIgniter.php(354): CodeIgniter\CodeIgniter->handleRequest(null, Object(Config\Cache), false)
 6 SYSTEMPATH/Boot.php(334): CodeIgniter\CodeIgniter->run()
 7 SYSTEMPATH/Boot.php(67): CodeIgniter\Boot::runCodeIgniter(Object(CodeIgniter\CodeIgniter))
 8 FCPATH/index.php(63): CodeIgniter\Boot::bootWeb(Object(Config\Paths))
CRITICAL - 2025-05-05 17:42:48 --> [Caused by] CodeIgniter\Database\Exceptions\DatabaseException: Unknown or incorrect time zone: 'UTC'
in SYSTEMPATH/Database/MySQLi/Connection.php on line 332.
 1 SYSTEMPATH/Database/BaseConnection.php(738): CodeIgniter\Database\MySQLi\Connection->execute('SET SESSION time_zone = \'UTC\'')
 2 SYSTEMPATH/Database/BaseConnection.php(652): CodeIgniter\Database\BaseConnection->simpleQuery('SET SESSION time_zone = \'UTC\'')
 3 APPPATH/Models/V1/CommonModel.php(40): CodeIgniter\Database\BaseConnection->query('SET SESSION time_zone = \'UTC\'')
 4 APPPATH/Controllers/Api.php(21): App\Models\V1\CommonModel->__construct()
 5 SYSTEMPATH/CodeIgniter.php(903): App\Controllers\Api->__construct()
 6 SYSTEMPATH/CodeIgniter.php(498): CodeIgniter\CodeIgniter->createController()
 7 SYSTEMPATH/CodeIgniter.php(354): CodeIgniter\CodeIgniter->handleRequest(null, Object(Config\Cache), false)
 8 SYSTEMPATH/Boot.php(334): CodeIgniter\CodeIgniter->run()
 9 SYSTEMPATH/Boot.php(67): CodeIgniter\Boot::runCodeIgniter(Object(CodeIgniter\CodeIgniter))
10 FCPATH/index.php(63): CodeIgniter\Boot::bootWeb(Object(Config\Paths))
CRITICAL - 2025-05-05 17:42:48 --> [Caused by] mysqli_sql_exception: Unknown or incorrect time zone: 'UTC'
in SYSTEMPATH/Database/MySQLi/Connection.php on line 327.
 1 SYSTEMPATH/Database/MySQLi/Connection.php(327): mysqli->query('SET SESSION time_zone = \'UTC\'', 0)
 2 SYSTEMPATH/Database/BaseConnection.php(738): CodeIgniter\Database\MySQLi\Connection->execute('SET SESSION time_zone = \'UTC\'')
 3 SYSTEMPATH/Database/BaseConnection.php(652): CodeIgniter\Database\BaseConnection->simpleQuery('SET SESSION time_zone = \'UTC\'')
 4 APPPATH/Models/V1/CommonModel.php(40): CodeIgniter\Database\BaseConnection->query('SET SESSION time_zone = \'UTC\'')
 5 APPPATH/Controllers/Api.php(21): App\Models\V1\CommonModel->__construct()
 6 SYSTEMPATH/CodeIgniter.php(903): App\Controllers\Api->__construct()
 7 SYSTEMPATH/CodeIgniter.php(498): CodeIgniter\CodeIgniter->createController()
 8 SYSTEMPATH/CodeIgniter.php(354): CodeIgniter\CodeIgniter->handleRequest(null, Object(Config\Cache), false)
 9 SYSTEMPATH/Boot.php(334): CodeIgniter\CodeIgniter->run()
10 SYSTEMPATH/Boot.php(67): CodeIgniter\Boot::runCodeIgniter(Object(CodeIgniter\CodeIgniter))
11 FCPATH/index.php(63): CodeIgniter\Boot::bootWeb(Object(Config\Paths))
CRITICAL - 2025-05-05 17:43:02 --> Error: Call to a member function getMethod() on null
[Method: GET, Route: /]
in APPPATH/Traits/CorsTrait.php on line 19.
 1 APPPATH/Controllers/BaseController.php(22): App\Controllers\BaseController->setCorsHeaders()
 2 SYSTEMPATH/CodeIgniter.php(904): App\Controllers\BaseController->initController(Object(CodeIgniter\HTTP\IncomingRequest), Object(CodeIgniter\HTTP\Response), Object(CodeIgniter\Log\Logger))
 3 SYSTEMPATH/CodeIgniter.php(498): CodeIgniter\CodeIgniter->createController()
 4 SYSTEMPATH/CodeIgniter.php(354): CodeIgniter\CodeIgniter->handleRequest(null, Object(Config\Cache), false)
 5 SYSTEMPATH/Boot.php(334): CodeIgniter\CodeIgniter->run()
 6 SYSTEMPATH/Boot.php(67): CodeIgniter\Boot::runCodeIgniter(Object(CodeIgniter\CodeIgniter))
 7 FCPATH/index.php(63): CodeIgniter\Boot::bootWeb(Object(Config\Paths))
WARNING - 2025-05-05 17:43:29 --> [DEPRECATED] json_decode(): Passing null to parameter #1 ($json) of type string is deprecated in APPPATH/Models/V1/CommonModel.php on line 30.
 1 APPPATH/Models/V1/CommonModel.php(30): json_decode(null, true)
 2 APPPATH/Controllers/Api.php(21): App\Models\V1\CommonModel->__construct()
 3 SYSTEMPATH/CodeIgniter.php(903): App\Controllers\Api->__construct()
 4 SYSTEMPATH/CodeIgniter.php(498): CodeIgniter\CodeIgniter->createController()
 5 SYSTEMPATH/CodeIgniter.php(354): CodeIgniter\CodeIgniter->handleRequest(null, Object(Config\Cache), false)
 6 SYSTEMPATH/Boot.php(334): CodeIgniter\CodeIgniter->run()
 7 SYSTEMPATH/Boot.php(67): CodeIgniter\Boot::runCodeIgniter(Object(CodeIgniter\CodeIgniter))
 8 FCPATH/index.php(63): CodeIgniter\Boot::bootWeb(Object(Config\Paths))
ERROR - 2025-05-05 17:43:29 --> mysqli_sql_exception: Unknown or incorrect time zone: 'UTC' in /Applications/MAMP/htdocs/rista/vendor/codeigniter4/framework/system/Database/MySQLi/Connection.php:327
Stack trace:
#0 /Applications/MAMP/htdocs/rista/vendor/codeigniter4/framework/system/Database/MySQLi/Connection.php(327): mysqli->query('SET SESSION tim...', 0)
#1 /Applications/MAMP/htdocs/rista/vendor/codeigniter4/framework/system/Database/BaseConnection.php(738): CodeIgniter\Database\MySQLi\Connection->execute('SET SESSION tim...')
#2 /Applications/MAMP/htdocs/rista/vendor/codeigniter4/framework/system/Database/BaseConnection.php(652): CodeIgniter\Database\BaseConnection->simpleQuery('SET SESSION tim...')
#3 /Applications/MAMP/htdocs/rista/app/Models/V1/CommonModel.php(40): CodeIgniter\Database\BaseConnection->query('SET SESSION tim...')
#4 /Applications/MAMP/htdocs/rista/app/Controllers/Api.php(21): App\Models\V1\CommonModel->__construct()
#5 /Applications/MAMP/htdocs/rista/vendor/codeigniter4/framework/system/CodeIgniter.php(903): App\Controllers\Api->__construct()
#6 /Applications/MAMP/htdocs/rista/vendor/codeigniter4/framework/system/CodeIgniter.php(498): CodeIgniter\CodeIgniter->createController()
#7 /Applications/MAMP/htdocs/rista/vendor/codeigniter4/framework/system/CodeIgniter.php(354): CodeIgniter\CodeIgniter->handleRequest(NULL, Object(Config\Cache), false)
#8 /Applications/MAMP/htdocs/rista/vendor/codeigniter4/framework/system/Boot.php(334): CodeIgniter\CodeIgniter->run()
#9 /Applications/MAMP/htdocs/rista/vendor/codeigniter4/framework/system/Boot.php(67): CodeIgniter\Boot::runCodeIgniter(Object(CodeIgniter\CodeIgniter))
#10 /Applications/MAMP/htdocs/rista/public/index.php(63): CodeIgniter\Boot::bootWeb(Object(Config\Paths))
#11 {main}
CRITICAL - 2025-05-05 17:43:29 --> CodeIgniter\Database\Exceptions\DatabaseException: Unknown or incorrect time zone: 'UTC'
[Method: GET, Route: api/]
in SYSTEMPATH/Database/BaseConnection.php on line 692.
 1 APPPATH/Models/V1/CommonModel.php(40): CodeIgniter\Database\BaseConnection->query('SET SESSION time_zone = \'UTC\'')
 2 APPPATH/Controllers/Api.php(21): App\Models\V1\CommonModel->__construct()
 3 SYSTEMPATH/CodeIgniter.php(903): App\Controllers\Api->__construct()
 4 SYSTEMPATH/CodeIgniter.php(498): CodeIgniter\CodeIgniter->createController()
 5 SYSTEMPATH/CodeIgniter.php(354): CodeIgniter\CodeIgniter->handleRequest(null, Object(Config\Cache), false)
 6 SYSTEMPATH/Boot.php(334): CodeIgniter\CodeIgniter->run()
 7 SYSTEMPATH/Boot.php(67): CodeIgniter\Boot::runCodeIgniter(Object(CodeIgniter\CodeIgniter))
 8 FCPATH/index.php(63): CodeIgniter\Boot::bootWeb(Object(Config\Paths))
CRITICAL - 2025-05-05 17:43:29 --> [Caused by] CodeIgniter\Database\Exceptions\DatabaseException: Unknown or incorrect time zone: 'UTC'
in SYSTEMPATH/Database/MySQLi/Connection.php on line 332.
 1 SYSTEMPATH/Database/BaseConnection.php(738): CodeIgniter\Database\MySQLi\Connection->execute('SET SESSION time_zone = \'UTC\'')
 2 SYSTEMPATH/Database/BaseConnection.php(652): CodeIgniter\Database\BaseConnection->simpleQuery('SET SESSION time_zone = \'UTC\'')
 3 APPPATH/Models/V1/CommonModel.php(40): CodeIgniter\Database\BaseConnection->query('SET SESSION time_zone = \'UTC\'')
 4 APPPATH/Controllers/Api.php(21): App\Models\V1\CommonModel->__construct()
 5 SYSTEMPATH/CodeIgniter.php(903): App\Controllers\Api->__construct()
 6 SYSTEMPATH/CodeIgniter.php(498): CodeIgniter\CodeIgniter->createController()
 7 SYSTEMPATH/CodeIgniter.php(354): CodeIgniter\CodeIgniter->handleRequest(null, Object(Config\Cache), false)
 8 SYSTEMPATH/Boot.php(334): CodeIgniter\CodeIgniter->run()
 9 SYSTEMPATH/Boot.php(67): CodeIgniter\Boot::runCodeIgniter(Object(CodeIgniter\CodeIgniter))
10 FCPATH/index.php(63): CodeIgniter\Boot::bootWeb(Object(Config\Paths))
CRITICAL - 2025-05-05 17:43:29 --> [Caused by] mysqli_sql_exception: Unknown or incorrect time zone: 'UTC'
in SYSTEMPATH/Database/MySQLi/Connection.php on line 327.
 1 SYSTEMPATH/Database/MySQLi/Connection.php(327): mysqli->query('SET SESSION time_zone = \'UTC\'', 0)
 2 SYSTEMPATH/Database/BaseConnection.php(738): CodeIgniter\Database\MySQLi\Connection->execute('SET SESSION time_zone = \'UTC\'')
 3 SYSTEMPATH/Database/BaseConnection.php(652): CodeIgniter\Database\BaseConnection->simpleQuery('SET SESSION time_zone = \'UTC\'')
 4 APPPATH/Models/V1/CommonModel.php(40): CodeIgniter\Database\BaseConnection->query('SET SESSION time_zone = \'UTC\'')
 5 APPPATH/Controllers/Api.php(21): App\Models\V1\CommonModel->__construct()
 6 SYSTEMPATH/CodeIgniter.php(903): App\Controllers\Api->__construct()
 7 SYSTEMPATH/CodeIgniter.php(498): CodeIgniter\CodeIgniter->createController()
 8 SYSTEMPATH/CodeIgniter.php(354): CodeIgniter\CodeIgniter->handleRequest(null, Object(Config\Cache), false)
 9 SYSTEMPATH/Boot.php(334): CodeIgniter\CodeIgniter->run()
10 SYSTEMPATH/Boot.php(67): CodeIgniter\Boot::runCodeIgniter(Object(CodeIgniter\CodeIgniter))
11 FCPATH/index.php(63): CodeIgniter\Boot::bootWeb(Object(Config\Paths))
WARNING - 2025-05-05 17:44:26 --> [DEPRECATED] json_decode(): Passing null to parameter #1 ($json) of type string is deprecated in APPPATH/Models/V1/CommonModel.php on line 30.
 1 APPPATH/Models/V1/CommonModel.php(30): json_decode(null, true)
 2 APPPATH/Controllers/Api.php(21): App\Models\V1\CommonModel->__construct()
 3 SYSTEMPATH/CodeIgniter.php(903): App\Controllers\Api->__construct()
 4 SYSTEMPATH/CodeIgniter.php(498): CodeIgniter\CodeIgniter->createController()
 5 SYSTEMPATH/CodeIgniter.php(354): CodeIgniter\CodeIgniter->handleRequest(null, Object(Config\Cache), false)
 6 SYSTEMPATH/Boot.php(334): CodeIgniter\CodeIgniter->run()
 7 SYSTEMPATH/Boot.php(67): CodeIgniter\Boot::runCodeIgniter(Object(CodeIgniter\CodeIgniter))
 8 FCPATH/index.php(63): CodeIgniter\Boot::bootWeb(Object(Config\Paths))
ERROR - 2025-05-05 17:44:26 --> mysqli_sql_exception: Unknown or incorrect time zone: 'UTC' in /Applications/MAMP/htdocs/rista/vendor/codeigniter4/framework/system/Database/MySQLi/Connection.php:327
Stack trace:
#0 /Applications/MAMP/htdocs/rista/vendor/codeigniter4/framework/system/Database/MySQLi/Connection.php(327): mysqli->query('SET SESSION tim...', 0)
#1 /Applications/MAMP/htdocs/rista/vendor/codeigniter4/framework/system/Database/BaseConnection.php(738): CodeIgniter\Database\MySQLi\Connection->execute('SET SESSION tim...')
#2 /Applications/MAMP/htdocs/rista/vendor/codeigniter4/framework/system/Database/BaseConnection.php(652): CodeIgniter\Database\BaseConnection->simpleQuery('SET SESSION tim...')
#3 /Applications/MAMP/htdocs/rista/app/Models/V1/CommonModel.php(40): CodeIgniter\Database\BaseConnection->query('SET SESSION tim...')
#4 /Applications/MAMP/htdocs/rista/app/Controllers/Api.php(21): App\Models\V1\CommonModel->__construct()
#5 /Applications/MAMP/htdocs/rista/vendor/codeigniter4/framework/system/CodeIgniter.php(903): App\Controllers\Api->__construct()
#6 /Applications/MAMP/htdocs/rista/vendor/codeigniter4/framework/system/CodeIgniter.php(498): CodeIgniter\CodeIgniter->createController()
#7 /Applications/MAMP/htdocs/rista/vendor/codeigniter4/framework/system/CodeIgniter.php(354): CodeIgniter\CodeIgniter->handleRequest(NULL, Object(Config\Cache), false)
#8 /Applications/MAMP/htdocs/rista/vendor/codeigniter4/framework/system/Boot.php(334): CodeIgniter\CodeIgniter->run()
#9 /Applications/MAMP/htdocs/rista/vendor/codeigniter4/framework/system/Boot.php(67): CodeIgniter\Boot::runCodeIgniter(Object(CodeIgniter\CodeIgniter))
#10 /Applications/MAMP/htdocs/rista/public/index.php(63): CodeIgniter\Boot::bootWeb(Object(Config\Paths))
#11 {main}
CRITICAL - 2025-05-05 17:44:26 --> CodeIgniter\Database\Exceptions\DatabaseException: Unknown or incorrect time zone: 'UTC'
[Method: GET, Route: api/]
in SYSTEMPATH/Database/BaseConnection.php on line 692.
 1 APPPATH/Models/V1/CommonModel.php(40): CodeIgniter\Database\BaseConnection->query('SET SESSION time_zone = \'UTC\'')
 2 APPPATH/Controllers/Api.php(21): App\Models\V1\CommonModel->__construct()
 3 SYSTEMPATH/CodeIgniter.php(903): App\Controllers\Api->__construct()
 4 SYSTEMPATH/CodeIgniter.php(498): CodeIgniter\CodeIgniter->createController()
 5 SYSTEMPATH/CodeIgniter.php(354): CodeIgniter\CodeIgniter->handleRequest(null, Object(Config\Cache), false)
 6 SYSTEMPATH/Boot.php(334): CodeIgniter\CodeIgniter->run()
 7 SYSTEMPATH/Boot.php(67): CodeIgniter\Boot::runCodeIgniter(Object(CodeIgniter\CodeIgniter))
 8 FCPATH/index.php(63): CodeIgniter\Boot::bootWeb(Object(Config\Paths))
CRITICAL - 2025-05-05 17:44:26 --> [Caused by] CodeIgniter\Database\Exceptions\DatabaseException: Unknown or incorrect time zone: 'UTC'
in SYSTEMPATH/Database/MySQLi/Connection.php on line 332.
 1 SYSTEMPATH/Database/BaseConnection.php(738): CodeIgniter\Database\MySQLi\Connection->execute('SET SESSION time_zone = \'UTC\'')
 2 SYSTEMPATH/Database/BaseConnection.php(652): CodeIgniter\Database\BaseConnection->simpleQuery('SET SESSION time_zone = \'UTC\'')
 3 APPPATH/Models/V1/CommonModel.php(40): CodeIgniter\Database\BaseConnection->query('SET SESSION time_zone = \'UTC\'')
 4 APPPATH/Controllers/Api.php(21): App\Models\V1\CommonModel->__construct()
 5 SYSTEMPATH/CodeIgniter.php(903): App\Controllers\Api->__construct()
 6 SYSTEMPATH/CodeIgniter.php(498): CodeIgniter\CodeIgniter->createController()
 7 SYSTEMPATH/CodeIgniter.php(354): CodeIgniter\CodeIgniter->handleRequest(null, Object(Config\Cache), false)
 8 SYSTEMPATH/Boot.php(334): CodeIgniter\CodeIgniter->run()
 9 SYSTEMPATH/Boot.php(67): CodeIgniter\Boot::runCodeIgniter(Object(CodeIgniter\CodeIgniter))
10 FCPATH/index.php(63): CodeIgniter\Boot::bootWeb(Object(Config\Paths))
CRITICAL - 2025-05-05 17:44:26 --> [Caused by] mysqli_sql_exception: Unknown or incorrect time zone: 'UTC'
in SYSTEMPATH/Database/MySQLi/Connection.php on line 327.
 1 SYSTEMPATH/Database/MySQLi/Connection.php(327): mysqli->query('SET SESSION time_zone = \'UTC\'', 0)
 2 SYSTEMPATH/Database/BaseConnection.php(738): CodeIgniter\Database\MySQLi\Connection->execute('SET SESSION time_zone = \'UTC\'')
 3 SYSTEMPATH/Database/BaseConnection.php(652): CodeIgniter\Database\BaseConnection->simpleQuery('SET SESSION time_zone = \'UTC\'')
 4 APPPATH/Models/V1/CommonModel.php(40): CodeIgniter\Database\BaseConnection->query('SET SESSION time_zone = \'UTC\'')
 5 APPPATH/Controllers/Api.php(21): App\Models\V1\CommonModel->__construct()
 6 SYSTEMPATH/CodeIgniter.php(903): App\Controllers\Api->__construct()
 7 SYSTEMPATH/CodeIgniter.php(498): CodeIgniter\CodeIgniter->createController()
 8 SYSTEMPATH/CodeIgniter.php(354): CodeIgniter\CodeIgniter->handleRequest(null, Object(Config\Cache), false)
 9 SYSTEMPATH/Boot.php(334): CodeIgniter\CodeIgniter->run()
10 SYSTEMPATH/Boot.php(67): CodeIgniter\Boot::runCodeIgniter(Object(CodeIgniter\CodeIgniter))
11 FCPATH/index.php(63): CodeIgniter\Boot::bootWeb(Object(Config\Paths))
