CRITICAL - 2025-04-30 02:00:16 --> ErrorException: Declaration of App\Controllers\V1\BaseController::fail($message = 'Error', $code = 400, $data = null) must be compatible with CodeIgniter\RESTful\ResourceController::fail($messages, int $status = 400, ?string $code = null, string $customMessage = '')
[Method: GET, Route: /]
in APPPATH/Controllers/BaseController.php on line 68.
 1 [internal function]: CodeIgniter\Debug\Exceptions->shutdownHandler()
CRITICAL - 2025-04-30 02:01:02 --> Error: Cannot call constructor
[Method: GET, Route: /]
in APPPATH/Controllers/BaseController.php on line 18.
 1 SYSTEMPATH/CodeIgniter.php(903): App\Controllers\BaseController->__construct()
 2 SYSTEMPATH/CodeIgniter.php(498): CodeIgniter\CodeIgniter->createController()
 3 SYSTEMPATH/CodeIgniter.php(354): CodeIgniter\CodeIgniter->handleRequest(null, Object(Config\Cache), false)
 4 SYSTEMPATH/Boot.php(334): CodeIgniter\CodeIgniter->run()
 5 SYSTEMPATH/Boot.php(67): CodeIgniter\Boot::runCodeIgniter(Object(CodeIgniter\CodeIgniter))
 6 FCPATH/index.php(63): CodeIgniter\Boot::bootWeb(Object(Config\Paths))
CRITICAL - 2025-04-30 02:02:55 --> ErrorException: Declaration of App\Controllers\V1\Category::edit() must be compatible with CodeIgniter\RESTful\ResourceController::edit($id = null)
[Method: GET, Route: api/category/list]
in APPPATH/Controllers/Category.php on line 128.
 1 [internal function]: CodeIgniter\Debug\Exceptions->shutdownHandler()
CRITICAL - 2025-04-30 02:04:00 --> Error: Class "App\Models\CategoryModel" not found
[Method: GET, Route: api/category/list]
in APPPATH/Controllers/Category.php on line 22.
 1 SYSTEMPATH/CodeIgniter.php(903): App\Controllers\Category->__construct()
 2 SYSTEMPATH/CodeIgniter.php(498): CodeIgniter\CodeIgniter->createController()
 3 SYSTEMPATH/CodeIgniter.php(354): CodeIgniter\CodeIgniter->handleRequest(null, Object(Config\Cache), false)
 4 SYSTEMPATH/Boot.php(334): CodeIgniter\CodeIgniter->run()
 5 SYSTEMPATH/Boot.php(67): CodeIgniter\Boot::runCodeIgniter(Object(CodeIgniter\CodeIgniter))
 6 FCPATH/index.php(63): CodeIgniter\Boot::bootWeb(Object(Config\Paths))
CRITICAL - 2025-04-30 02:04:16 --> Error: Class "App\Models\CategoryModel" not found
[Method: GET, Route: api/category/list]
in APPPATH/Controllers/Category.php on line 22.
 1 SYSTEMPATH/CodeIgniter.php(903): App\Controllers\Category->__construct()
 2 SYSTEMPATH/CodeIgniter.php(498): CodeIgniter\CodeIgniter->createController()
 3 SYSTEMPATH/CodeIgniter.php(354): CodeIgniter\CodeIgniter->handleRequest(null, Object(Config\Cache), false)
 4 SYSTEMPATH/Boot.php(334): CodeIgniter\CodeIgniter->run()
 5 SYSTEMPATH/Boot.php(67): CodeIgniter\Boot::runCodeIgniter(Object(CodeIgniter\CodeIgniter))
 6 FCPATH/index.php(63): CodeIgniter\Boot::bootWeb(Object(Config\Paths))
DEBUG - 2025-04-30 02:04:41 --> Category controller initialized
DEBUG - 2025-04-30 02:06:11 --> Category controller initialized
DEBUG - 2025-04-30 02:06:31 --> Category controller initialized
ERROR - 2025-04-30 02:06:31 --> mysqli_sql_exception: Table 'edquill_production.categories' doesn't exist in /Applications/MAMP/htdocs/rista/vendor/codeigniter4/framework/system/Database/MySQLi/Connection.php:327
Stack trace:
#0 /Applications/MAMP/htdocs/rista/vendor/codeigniter4/framework/system/Database/MySQLi/Connection.php(327): mysqli->query('INSERT INTO `ca...', 0)
#1 /Applications/MAMP/htdocs/rista/vendor/codeigniter4/framework/system/Database/BaseConnection.php(738): CodeIgniter\Database\MySQLi\Connection->execute('INSERT INTO `ca...')
#2 /Applications/MAMP/htdocs/rista/vendor/codeigniter4/framework/system/Database/BaseConnection.php(652): CodeIgniter\Database\BaseConnection->simpleQuery('INSERT INTO `ca...')
#3 /Applications/MAMP/htdocs/rista/vendor/codeigniter4/framework/system/Database/BaseBuilder.php(2345): CodeIgniter\Database\BaseConnection->query('INSERT INTO `ca...', Array, false)
#4 /Applications/MAMP/htdocs/rista/vendor/codeigniter4/framework/system/Model.php(394): CodeIgniter\Database\BaseBuilder->insert()
#5 /Applications/MAMP/htdocs/rista/vendor/codeigniter4/framework/system/BaseModel.php(839): CodeIgniter\Model->doInsert(Array)
#6 /Applications/MAMP/htdocs/rista/vendor/codeigniter4/framework/system/Model.php(800): CodeIgniter\BaseModel->insert(Array, true)
#7 /Applications/MAMP/htdocs/rista/app/Models/CategoryModel.php(53): CodeIgniter\Model->insert(Array)
#8 /Applications/MAMP/htdocs/rista/app/Controllers/Category.php(109): App\Models\CategoryModel->addCategory(Array)
#9 /Applications/MAMP/htdocs/rista/vendor/codeigniter4/framework/system/CodeIgniter.php(933): App\Controllers\Category->add()
#10 /Applications/MAMP/htdocs/rista/vendor/codeigniter4/framework/system/CodeIgniter.php(507): CodeIgniter\CodeIgniter->runController(Object(App\Controllers\Category))
#11 /Applications/MAMP/htdocs/rista/vendor/codeigniter4/framework/system/CodeIgniter.php(354): CodeIgniter\CodeIgniter->handleRequest(NULL, Object(Config\Cache), false)
#12 /Applications/MAMP/htdocs/rista/vendor/codeigniter4/framework/system/Boot.php(334): CodeIgniter\CodeIgniter->run()
#13 /Applications/MAMP/htdocs/rista/vendor/codeigniter4/framework/system/Boot.php(67): CodeIgniter\Boot::runCodeIgniter(Object(CodeIgniter\CodeIgniter))
#14 /Applications/MAMP/htdocs/rista/public/index.php(63): CodeIgniter\Boot::bootWeb(Object(Config\Paths))
#15 {main}
ERROR - 2025-04-30 02:17:19 --> mysqli_sql_exception: Table 'edquill_production.categories' doesn't exist in /Applications/MAMP/htdocs/rista/vendor/codeigniter4/framework/system/Database/MySQLi/Connection.php:327
Stack trace:
#0 /Applications/MAMP/htdocs/rista/vendor/codeigniter4/framework/system/Database/MySQLi/Connection.php(327): mysqli->query('SELECT *\nFROM `...', 0)
#1 /Applications/MAMP/htdocs/rista/vendor/codeigniter4/framework/system/Database/BaseConnection.php(738): CodeIgniter\Database\MySQLi\Connection->execute('SELECT *\nFROM `...')
#2 /Applications/MAMP/htdocs/rista/vendor/codeigniter4/framework/system/Database/BaseConnection.php(652): CodeIgniter\Database\BaseConnection->simpleQuery('SELECT *\nFROM `...')
#3 /Applications/MAMP/htdocs/rista/vendor/codeigniter4/framework/system/Database/BaseBuilder.php(1649): CodeIgniter\Database\BaseConnection->query('SELECT *\nFROM `...', Array, false)
#4 /Applications/MAMP/htdocs/rista/vendor/codeigniter4/framework/system/Model.php(286): CodeIgniter\Database\BaseBuilder->get()
#5 /Applications/MAMP/htdocs/rista/vendor/codeigniter4/framework/system/BaseModel.php(675): CodeIgniter\Model->doFindAll(0, 0)
#6 /Applications/MAMP/htdocs/rista/app/Models/CategoryModel.php(69): CodeIgniter\BaseModel->findAll()
#7 /Applications/MAMP/htdocs/rista/app/Controllers/Category.php(26): App\Models\CategoryModel->getAllCategories()
#8 /Applications/MAMP/htdocs/rista/vendor/codeigniter4/framework/system/CodeIgniter.php(933): App\Controllers\Category->list()
#9 /Applications/MAMP/htdocs/rista/vendor/codeigniter4/framework/system/CodeIgniter.php(507): CodeIgniter\CodeIgniter->runController(Object(App\Controllers\Category))
#10 /Applications/MAMP/htdocs/rista/vendor/codeigniter4/framework/system/CodeIgniter.php(354): CodeIgniter\CodeIgniter->handleRequest(NULL, Object(Config\Cache), false)
#11 /Applications/MAMP/htdocs/rista/vendor/codeigniter4/framework/system/Boot.php(334): CodeIgniter\CodeIgniter->run()
#12 /Applications/MAMP/htdocs/rista/vendor/codeigniter4/framework/system/Boot.php(67): CodeIgniter\Boot::runCodeIgniter(Object(CodeIgniter\CodeIgniter))
#13 /Applications/MAMP/htdocs/rista/public/index.php(63): CodeIgniter\Boot::bootWeb(Object(Config\Paths))
#14 {main}
CRITICAL - 2025-04-30 02:21:38 --> Error: Cannot access protected property CodeIgniter\HTTP\IncomingRequest::$uri
[Method: POST, Route: api/category/list]
in APPPATH/Controllers/Category.php on line 30.
 1 APPPATH/Controllers/Category.php(49): App\Controllers\Category->verifyAuthUrl()
 2 SYSTEMPATH/CodeIgniter.php(933): App\Controllers\Category->list()
 3 SYSTEMPATH/CodeIgniter.php(507): CodeIgniter\CodeIgniter->runController(Object(App\Controllers\Category))
 4 SYSTEMPATH/CodeIgniter.php(354): CodeIgniter\CodeIgniter->handleRequest(null, Object(Config\Cache), false)
 5 SYSTEMPATH/Boot.php(334): CodeIgniter\CodeIgniter->run()
 6 SYSTEMPATH/Boot.php(67): CodeIgniter\Boot::runCodeIgniter(Object(CodeIgniter\CodeIgniter))
 7 FCPATH/index.php(63): CodeIgniter\Boot::bootWeb(Object(Config\Paths))
CRITICAL - 2025-04-30 02:21:59 --> Error: Cannot access protected property CodeIgniter\HTTP\IncomingRequest::$uri
[Method: POST, Route: api/category/add]
in APPPATH/Controllers/Category.php on line 30.
 1 APPPATH/Controllers/Category.php(79): App\Controllers\Category->verifyAuthUrl()
 2 SYSTEMPATH/CodeIgniter.php(933): App\Controllers\Category->add()
 3 SYSTEMPATH/CodeIgniter.php(507): CodeIgniter\CodeIgniter->runController(Object(App\Controllers\Category))
 4 SYSTEMPATH/CodeIgniter.php(354): CodeIgniter\CodeIgniter->handleRequest(null, Object(Config\Cache), false)
 5 SYSTEMPATH/Boot.php(334): CodeIgniter\CodeIgniter->run()
 6 SYSTEMPATH/Boot.php(67): CodeIgniter\Boot::runCodeIgniter(Object(CodeIgniter\CodeIgniter))
 7 FCPATH/index.php(63): CodeIgniter\Boot::bootWeb(Object(Config\Paths))
CRITICAL - 2025-04-30 02:45:43 --> Error: Cannot access protected property CodeIgniter\HTTP\IncomingRequest::$uri
[Method: GET, Route: api/category/list]
in APPPATH/Controllers/Category.php on line 30.
 1 APPPATH/Controllers/Category.php(49): App\Controllers\Category->verifyAuthUrl()
 2 SYSTEMPATH/CodeIgniter.php(933): App\Controllers\Category->list()
 3 SYSTEMPATH/CodeIgniter.php(507): CodeIgniter\CodeIgniter->runController(Object(App\Controllers\Category))
 4 SYSTEMPATH/CodeIgniter.php(354): CodeIgniter\CodeIgniter->handleRequest(null, Object(Config\Cache), false)
 5 SYSTEMPATH/Boot.php(334): CodeIgniter\CodeIgniter->run()
 6 SYSTEMPATH/Boot.php(67): CodeIgniter\Boot::runCodeIgniter(Object(CodeIgniter\CodeIgniter))
 7 FCPATH/index.php(63): CodeIgniter\Boot::bootWeb(Object(Config\Paths))
ERROR - 2025-04-30 02:49:20 --> mysqli_sql_exception: Table 'edquill_production.categories' doesn't exist in /Applications/MAMP/htdocs/rista/vendor/codeigniter4/framework/system/Database/MySQLi/Connection.php:327
Stack trace:
#0 /Applications/MAMP/htdocs/rista/vendor/codeigniter4/framework/system/Database/MySQLi/Connection.php(327): mysqli->query('SELECT *\nFROM `...', 0)
#1 /Applications/MAMP/htdocs/rista/vendor/codeigniter4/framework/system/Database/BaseConnection.php(738): CodeIgniter\Database\MySQLi\Connection->execute('SELECT *\nFROM `...')
#2 /Applications/MAMP/htdocs/rista/vendor/codeigniter4/framework/system/Database/BaseConnection.php(652): CodeIgniter\Database\BaseConnection->simpleQuery('SELECT *\nFROM `...')
#3 /Applications/MAMP/htdocs/rista/vendor/codeigniter4/framework/system/Database/BaseBuilder.php(1649): CodeIgniter\Database\BaseConnection->query('SELECT *\nFROM `...', Array, false)
#4 /Applications/MAMP/htdocs/rista/vendor/codeigniter4/framework/system/Model.php(286): CodeIgniter\Database\BaseBuilder->get()
#5 /Applications/MAMP/htdocs/rista/vendor/codeigniter4/framework/system/BaseModel.php(675): CodeIgniter\Model->doFindAll(0, 0)
#6 /Applications/MAMP/htdocs/rista/app/Models/CategoryModel.php(69): CodeIgniter\BaseModel->findAll()
#7 /Applications/MAMP/htdocs/rista/app/Services/CategoryService.php(22): App\Models\CategoryModel->getAllCategories()
#8 /Applications/MAMP/htdocs/rista/app/Controllers/Category.php(26): App\Services\CategoryService->categoryList(NULL)
#9 /Applications/MAMP/htdocs/rista/vendor/codeigniter4/framework/system/CodeIgniter.php(933): App\Controllers\Category->list()
#10 /Applications/MAMP/htdocs/rista/vendor/codeigniter4/framework/system/CodeIgniter.php(507): CodeIgniter\CodeIgniter->runController(Object(App\Controllers\Category))
#11 /Applications/MAMP/htdocs/rista/vendor/codeigniter4/framework/system/CodeIgniter.php(354): CodeIgniter\CodeIgniter->handleRequest(NULL, Object(Config\Cache), false)
#12 /Applications/MAMP/htdocs/rista/vendor/codeigniter4/framework/system/Boot.php(334): CodeIgniter\CodeIgniter->run()
#13 /Applications/MAMP/htdocs/rista/vendor/codeigniter4/framework/system/Boot.php(67): CodeIgniter\Boot::runCodeIgniter(Object(CodeIgniter\CodeIgniter))
#14 /Applications/MAMP/htdocs/rista/public/index.php(63): CodeIgniter\Boot::bootWeb(Object(Config\Paths))
#15 {main}
ERROR - 2025-04-30 02:49:21 --> mysqli_sql_exception: Table 'edquill_production.categories' doesn't exist in /Applications/MAMP/htdocs/rista/vendor/codeigniter4/framework/system/Database/MySQLi/Connection.php:327
Stack trace:
#0 /Applications/MAMP/htdocs/rista/vendor/codeigniter4/framework/system/Database/MySQLi/Connection.php(327): mysqli->query('SELECT *\nFROM `...', 0)
#1 /Applications/MAMP/htdocs/rista/vendor/codeigniter4/framework/system/Database/BaseConnection.php(738): CodeIgniter\Database\MySQLi\Connection->execute('SELECT *\nFROM `...')
#2 /Applications/MAMP/htdocs/rista/vendor/codeigniter4/framework/system/Database/BaseConnection.php(652): CodeIgniter\Database\BaseConnection->simpleQuery('SELECT *\nFROM `...')
#3 /Applications/MAMP/htdocs/rista/vendor/codeigniter4/framework/system/Database/BaseBuilder.php(1649): CodeIgniter\Database\BaseConnection->query('SELECT *\nFROM `...', Array, false)
#4 /Applications/MAMP/htdocs/rista/vendor/codeigniter4/framework/system/Model.php(286): CodeIgniter\Database\BaseBuilder->get()
#5 /Applications/MAMP/htdocs/rista/vendor/codeigniter4/framework/system/BaseModel.php(675): CodeIgniter\Model->doFindAll(0, 0)
#6 /Applications/MAMP/htdocs/rista/app/Models/CategoryModel.php(69): CodeIgniter\BaseModel->findAll()
#7 /Applications/MAMP/htdocs/rista/app/Services/CategoryService.php(22): App\Models\CategoryModel->getAllCategories()
#8 /Applications/MAMP/htdocs/rista/app/Controllers/Category.php(26): App\Services\CategoryService->categoryList(NULL)
#9 /Applications/MAMP/htdocs/rista/vendor/codeigniter4/framework/system/CodeIgniter.php(933): App\Controllers\Category->list()
#10 /Applications/MAMP/htdocs/rista/vendor/codeigniter4/framework/system/CodeIgniter.php(507): CodeIgniter\CodeIgniter->runController(Object(App\Controllers\Category))
#11 /Applications/MAMP/htdocs/rista/vendor/codeigniter4/framework/system/CodeIgniter.php(354): CodeIgniter\CodeIgniter->handleRequest(NULL, Object(Config\Cache), false)
#12 /Applications/MAMP/htdocs/rista/vendor/codeigniter4/framework/system/Boot.php(334): CodeIgniter\CodeIgniter->run()
#13 /Applications/MAMP/htdocs/rista/vendor/codeigniter4/framework/system/Boot.php(67): CodeIgniter\Boot::runCodeIgniter(Object(CodeIgniter\CodeIgniter))
#14 /Applications/MAMP/htdocs/rista/public/index.php(63): CodeIgniter\Boot::bootWeb(Object(Config\Paths))
#15 {main}
ERROR - 2025-04-30 02:49:55 --> mysqli_sql_exception: Table 'edquill_production.categories' doesn't exist in /Applications/MAMP/htdocs/rista/vendor/codeigniter4/framework/system/Database/MySQLi/Connection.php:327
Stack trace:
#0 /Applications/MAMP/htdocs/rista/vendor/codeigniter4/framework/system/Database/MySQLi/Connection.php(327): mysqli->query('SELECT *\nFROM `...', 0)
#1 /Applications/MAMP/htdocs/rista/vendor/codeigniter4/framework/system/Database/BaseConnection.php(738): CodeIgniter\Database\MySQLi\Connection->execute('SELECT *\nFROM `...')
#2 /Applications/MAMP/htdocs/rista/vendor/codeigniter4/framework/system/Database/BaseConnection.php(652): CodeIgniter\Database\BaseConnection->simpleQuery('SELECT *\nFROM `...')
#3 /Applications/MAMP/htdocs/rista/vendor/codeigniter4/framework/system/Database/BaseBuilder.php(1649): CodeIgniter\Database\BaseConnection->query('SELECT *\nFROM `...', Array, false)
#4 /Applications/MAMP/htdocs/rista/vendor/codeigniter4/framework/system/Model.php(286): CodeIgniter\Database\BaseBuilder->get()
#5 /Applications/MAMP/htdocs/rista/vendor/codeigniter4/framework/system/BaseModel.php(675): CodeIgniter\Model->doFindAll(0, 0)
#6 /Applications/MAMP/htdocs/rista/app/Models/CategoryModel.php(69): CodeIgniter\BaseModel->findAll()
#7 /Applications/MAMP/htdocs/rista/app/Services/CategoryService.php(22): App\Models\CategoryModel->getAllCategories()
#8 /Applications/MAMP/htdocs/rista/app/Controllers/Category.php(26): App\Services\CategoryService->categoryList(NULL)
#9 /Applications/MAMP/htdocs/rista/vendor/codeigniter4/framework/system/CodeIgniter.php(933): App\Controllers\Category->list()
#10 /Applications/MAMP/htdocs/rista/vendor/codeigniter4/framework/system/CodeIgniter.php(507): CodeIgniter\CodeIgniter->runController(Object(App\Controllers\Category))
#11 /Applications/MAMP/htdocs/rista/vendor/codeigniter4/framework/system/CodeIgniter.php(354): CodeIgniter\CodeIgniter->handleRequest(NULL, Object(Config\Cache), false)
#12 /Applications/MAMP/htdocs/rista/vendor/codeigniter4/framework/system/Boot.php(334): CodeIgniter\CodeIgniter->run()
#13 /Applications/MAMP/htdocs/rista/vendor/codeigniter4/framework/system/Boot.php(67): CodeIgniter\Boot::runCodeIgniter(Object(CodeIgniter\CodeIgniter))
#14 /Applications/MAMP/htdocs/rista/public/index.php(63): CodeIgniter\Boot::bootWeb(Object(Config\Paths))
#15 {main}
ERROR - 2025-04-30 02:50:07 --> mysqli_sql_exception: Table 'edquill_production.categories' doesn't exist in /Applications/MAMP/htdocs/rista/vendor/codeigniter4/framework/system/Database/MySQLi/Connection.php:327
Stack trace:
#0 /Applications/MAMP/htdocs/rista/vendor/codeigniter4/framework/system/Database/MySQLi/Connection.php(327): mysqli->query('SELECT *\nFROM `...', 0)
#1 /Applications/MAMP/htdocs/rista/vendor/codeigniter4/framework/system/Database/BaseConnection.php(738): CodeIgniter\Database\MySQLi\Connection->execute('SELECT *\nFROM `...')
#2 /Applications/MAMP/htdocs/rista/vendor/codeigniter4/framework/system/Database/BaseConnection.php(652): CodeIgniter\Database\BaseConnection->simpleQuery('SELECT *\nFROM `...')
#3 /Applications/MAMP/htdocs/rista/vendor/codeigniter4/framework/system/Database/BaseBuilder.php(1649): CodeIgniter\Database\BaseConnection->query('SELECT *\nFROM `...', Array, false)
#4 /Applications/MAMP/htdocs/rista/vendor/codeigniter4/framework/system/Model.php(286): CodeIgniter\Database\BaseBuilder->get()
#5 /Applications/MAMP/htdocs/rista/vendor/codeigniter4/framework/system/BaseModel.php(675): CodeIgniter\Model->doFindAll(0, 0)
#6 /Applications/MAMP/htdocs/rista/app/Models/CategoryModel.php(69): CodeIgniter\BaseModel->findAll()
#7 /Applications/MAMP/htdocs/rista/app/Services/CategoryService.php(22): App\Models\CategoryModel->getAllCategories()
#8 /Applications/MAMP/htdocs/rista/app/Controllers/Category.php(26): App\Services\CategoryService->categoryList(NULL)
#9 /Applications/MAMP/htdocs/rista/vendor/codeigniter4/framework/system/CodeIgniter.php(933): App\Controllers\Category->list()
#10 /Applications/MAMP/htdocs/rista/vendor/codeigniter4/framework/system/CodeIgniter.php(507): CodeIgniter\CodeIgniter->runController(Object(App\Controllers\Category))
#11 /Applications/MAMP/htdocs/rista/vendor/codeigniter4/framework/system/CodeIgniter.php(354): CodeIgniter\CodeIgniter->handleRequest(NULL, Object(Config\Cache), false)
#12 /Applications/MAMP/htdocs/rista/vendor/codeigniter4/framework/system/Boot.php(334): CodeIgniter\CodeIgniter->run()
#13 /Applications/MAMP/htdocs/rista/vendor/codeigniter4/framework/system/Boot.php(67): CodeIgniter\Boot::runCodeIgniter(Object(CodeIgniter\CodeIgniter))
#14 /Applications/MAMP/htdocs/rista/public/index.php(63): CodeIgniter\Boot::bootWeb(Object(Config\Paths))
#15 {main}
