WARNING - 2025-11-08 15:05:42 --> [DEPRECATED] json_decode(): Passing null to parameter #1 ($json) of type string is deprecated in APPPATH/Models/V1/CommonModel.php on line 32.
 1 APPPATH/Models/V1/CommonModel.php(32): json_decode(null, true)
 2 APPPATH/Controllers/SelfRegistration.php(21): App\Models\V1\CommonModel->__construct()
 3 SYSTEMPATH/CodeIgniter.php(903): App\Controllers\SelfRegistration->__construct()
 4 SYSTEMPATH/CodeIgniter.php(498): CodeIgniter\CodeIgniter->createController()
 5 SYSTEMPATH/CodeIgniter.php(354): CodeIgniter\CodeIgniter->handleRequest(null, Object(Config\Cache), false)
 6 SYSTEMPATH/Boot.php(334): CodeIgniter\CodeIgniter->run()
 7 SYSTEMPATH/Boot.php(67): CodeIgniter\Boot::runCodeIgniter(Object(CodeIgniter\CodeIgniter))
 8 FCPATH/index.php(63): CodeIgniter\Boot::bootWeb(Object(Config\Paths))
WARNING - 2025-11-08 15:09:04 --> [DEPRECATED] json_decode(): Passing null to parameter #1 ($json) of type string is deprecated in APPPATH/Models/V1/CommonModel.php on line 32.
 1 APPPATH/Models/V1/CommonModel.php(32): json_decode(null, true)
 2 APPPATH/Controllers/SelfRegistration.php(21): App\Models\V1\CommonModel->__construct()
 3 SYSTEMPATH/CodeIgniter.php(903): App\Controllers\SelfRegistration->__construct()
 4 SYSTEMPATH/CodeIgniter.php(498): CodeIgniter\CodeIgniter->createController()
 5 SYSTEMPATH/CodeIgniter.php(354): CodeIgniter\CodeIgniter->handleRequest(null, Object(Config\Cache), false)
 6 SYSTEMPATH/Boot.php(334): CodeIgniter\CodeIgniter->run()
 7 SYSTEMPATH/Boot.php(67): CodeIgniter\Boot::runCodeIgniter(Object(CodeIgniter\CodeIgniter))
 8 FCPATH/index.php(63): CodeIgniter\Boot::bootWeb(Object(Config\Paths))
WARNING - 2025-11-08 16:03:10 --> [DEPRECATED] json_decode(): Passing null to parameter #1 ($json) of type string is deprecated in APPPATH/Models/V1/CommonModel.php on line 32.
 1 APPPATH/Models/V1/CommonModel.php(32): json_decode(null, true)
 2 APPPATH/Controllers/SelfRegistration.php(21): App\Models\V1\CommonModel->__construct()
 3 SYSTEMPATH/CodeIgniter.php(903): App\Controllers\SelfRegistration->__construct()
 4 SYSTEMPATH/CodeIgniter.php(498): CodeIgniter\CodeIgniter->createController()
 5 SYSTEMPATH/CodeIgniter.php(354): CodeIgniter\CodeIgniter->handleRequest(null, Object(Config\Cache), false)
 6 SYSTEMPATH/Boot.php(334): CodeIgniter\CodeIgniter->run()
 7 SYSTEMPATH/Boot.php(67): CodeIgniter\Boot::runCodeIgniter(Object(CodeIgniter\CodeIgniter))
 8 FCPATH/index.php(63): CodeIgniter\Boot::bootWeb(Object(Config\Paths))
WARNING - 2025-11-08 16:11:14 --> [DEPRECATED] json_decode(): Passing null to parameter #1 ($json) of type string is deprecated in APPPATH/Models/V1/CommonModel.php on line 32.
 1 APPPATH/Models/V1/CommonModel.php(32): json_decode(null, true)
 2 APPPATH/Controllers/SelfRegistration.php(21): App\Models\V1\CommonModel->__construct()
 3 SYSTEMPATH/CodeIgniter.php(903): App\Controllers\SelfRegistration->__construct()
 4 SYSTEMPATH/CodeIgniter.php(498): CodeIgniter\CodeIgniter->createController()
 5 SYSTEMPATH/CodeIgniter.php(354): CodeIgniter\CodeIgniter->handleRequest(null, Object(Config\Cache), false)
 6 SYSTEMPATH/Boot.php(334): CodeIgniter\CodeIgniter->run()
 7 SYSTEMPATH/Boot.php(67): CodeIgniter\Boot::runCodeIgniter(Object(CodeIgniter\CodeIgniter))
 8 FCPATH/index.php(63): CodeIgniter\Boot::bootWeb(Object(Config\Paths))
